[INFO] Scanning for projects...
[INFO] Inspecting build with total of 54 modules...
[INFO] Not installing Nexus Staging features:
[INFO]  * Preexisting staging related goal bindings found in 54 modules.
[INFO] ------------------------------------------------------------------------
[INFO] Reactor Build Order:
[INFO] 
[INFO] Restcomm jSS7 :: SCCP :: Impl :: sccp-impl                         [jar]
[INFO] Restcomm jSS7 :: SCCP :: CLI :: sccp-cli                           [jar]
[INFO] Restcomm jSS7 :: Extended-SCCP :: Api-Ext :: sccp-api-ext          [jar]
[INFO] Restcomm jSS7 :: Extended-SCCP :: Impl-Ext :: sccp-impl-ext        [jar]
[INFO] Restcomm jSS7 :: SCCP :: CLI-Ext :: sccp-cli-ext                   [jar]
[INFO] Restcomm jSS7 :: TCAP :: Parent :: tcap-parent                     [pom]
[INFO] Restcomm jSS7 :: TCAP :: Api :: tcap-api                           [jar]
[INFO] Restcomm jSS7 :: TCAP :: Impl :: tcap-impl                         [jar]
[INFO] Restcomm jSS7 :: TCAP :: CLI :: tcap-cli                           [jar]
[INFO] Restcomm jSS7 :: TCAP-ANSI :: Parent :: tcap-ansi-parent           [pom]
[INFO] Restcomm jSS7 :: TCAP ANSI :: Api :: tcap-ansi-api                 [jar]
[INFO] Restcomm jSS7 :: TCAP ANSI :: Impl :: tcap-ansi-impl               [jar]
[INFO] Restcomm jSS7 :: TCAP-ANSI :: CLI :: tcap-ansi-cli                 [jar]
[INFO] Restcomm jSS7 :: MAP :: Parent :: map-parent                       [pom]
[INFO] Restcomm jSS7 :: MAP :: Api :: map-api                             [jar]
[INFO] Restcomm jSS7 :: MAP :: Impl :: map-impl                           [jar]
[INFO] Restcomm jSS7 :: MAP :: LOAD :: map-load                           [jar]
[INFO] Restcomm jSS7 :: INAP :: Parent :: inap-parent                     [pom]
[INFO] Restcomm jSS7 :: INAP :: Api :: inap-api                           [jar]
[INFO] Restcomm jSS7 :: INAP :: Impl :: inap-impl                         [jar]
[INFO] Restcomm jSS7 :: CAP :: Parent :: cap-parent                       [pom]
[INFO] Restcomm jSS7 :: CAP :: Api :: cap-api                             [jar]
[INFO] Restcomm jSS7 :: CAP :: Impl :: cap-impl                           [jar]
[INFO] Restcomm jSS7 :: SNIFFER :: Parent :: sniffer-parent               [pom]
[INFO] Restcomm jSS7 :: SNIFFER :: Impl :: sniffer-impl                   [jar]
[INFO] sniffer-gui Maven Webapp                                           [war]
[INFO] Restcomm jSS7 :: Service :: restcomm-service-parent                [pom]
[INFO] Restcomm jSS7 :: Service :: Service :: restcomm-ss7-service        [jar]
[INFO] Restcomm jSS7 :: restcomm-ss7-oam                                  [pom]
[INFO] Restcomm jSS7 :: restcomm-ss7-oam-common                           [pom]
[INFO] Restcomm jSS7 :: Management-jmx :: jmx                             [jar]
[INFO] Restcomm jSS7 :: Management-jmx :: alarm                           [jar]
[INFO] Restcomm jSS7 :: Statistic-oam :: Parent :: statistics-oam-parent  [pom]
[INFO] Restcomm jSS7 :: Statistic-oam :: API :: statistics-oam-api        [jar]
[INFO] Restcomm jSS7 :: Statistic-oam :: Impl :: statistics-oam-impl      [jar]
[INFO] Restcomm jSS7 :: Management-jmx-ss7 :: jmxss7                      [jar]
[INFO] Restcomm jSS7 :: Management-sctp-oam :: sctp-oam                   [jar]
[INFO] Restcomm jSS7 :: Management-jmx :: m3ua-oam                        [jar]
[INFO] Restcomm jSS7 :: Management-jmx :: sccp-oam                        [jar]
[INFO] Restcomm jSS7 :: Management-jmx :: tcap-oam                        [jar]
[INFO] Restcomm jSS7 :: Management-jmx :: map-oam                         [jar]
[INFO] Restcomm jSS7 :: Service :: WildFly :: restcomm-ss7-wildfly        [pom]
[INFO] Restcomm jSS7 :: Service :: WildFly :: restcomm-ss7-wildfly-modules [jar]
[INFO] Restcomm jSS7 :: Service :: WildFly :: restcomm-ss7-wildfly-extension [jar]
[INFO] Restcomm jSS7 :: Service :: Commons :: restcomm-ss7-wildfly-commons [jar]
[INFO] Restcomm jSS7 :: Management :: UI :: new-ui                        [war]
[INFO] Restcomm jSS7 :: Tools :: Parent                                   [pom]
[INFO] Restcomm jSS7 Simulator :: Parent                                  [pom]
[INFO] Restcomm jSS7 Simulator :: Simulator core                          [jar]
[INFO] Restcomm jSS7 Simulator :: Simulator GUI                           [jar]
[INFO] Restcomm jSS7 Simulator :: Simulator Bootstrap                     [jar]
[INFO] Restcomm jSS7 Trase Parser :: Parent                               [pom]
[INFO] Restcomm jSS7 Trase Parser :: Trase Parser core                    [jar]
[INFO] Restcomm jSS7 Trase Parser :: Trase Parser Bootstrap               [jar]
[INFO] 
[INFO] -------------< org.restcomm.protocols.ss7.sccp:sccp-impl >--------------
[INFO] Building Restcomm jSS7 :: SCCP :: Impl :: sccp-impl 9.2.0         [1/54]
[INFO]   from pom.xml
[INFO] --------------------------------[ jar ]---------------------------------
[INFO] 
[INFO] --- clean:3.2.0:clean (default-clean) @ sccp-impl ---
[INFO] Deleting C:\Users\Windows\Desktop\ethiopia-working-dir\jSS7\sccp\sccp-impl\target
[INFO] 
[INFO] --- resources:3.3.1:resources (default-resources) @ sccp-impl ---
[INFO] skip non existing resourceDirectory C:\Users\Windows\Desktop\ethiopia-working-dir\jSS7\sccp\sccp-impl\src\main\resources
[INFO] 
[INFO] --- compiler:3.8.1:compile (default-compile) @ sccp-impl ---
[INFO] Changes detected - recompiling the module!
[INFO] Compiling 88 source files to C:\Users\Windows\Desktop\ethiopia-working-dir\jSS7\sccp\sccp-impl\target\classes
[INFO] -------------------------------------------------------------
[ERROR] COMPILATION ERROR : 
[INFO] -------------------------------------------------------------
[ERROR] /C:/Users/Windows/Desktop/ethiopia-working-dir/jSS7/sccp/sccp-impl/src/main/java/org/restcomm/protocols/ss7/sccp/impl/SccpResourceImpl.java:[407,29] unreported exception java.io.IOException; must be caught or declared to be thrown
  exception thrown from implicit call to close() on resource variable 'reader'
[INFO] 1 error
[INFO] -------------------------------------------------------------
[INFO] ------------------------------------------------------------------------
[INFO] Reactor Summary for Restcomm jSS7 :: SCCP :: Impl :: sccp-impl 9.2.0:
[INFO] 
[INFO] Restcomm jSS7 :: SCCP :: Impl :: sccp-impl ......... FAILURE [  8.356 s]
[INFO] Restcomm jSS7 :: SCCP :: CLI :: sccp-cli ........... SKIPPED
[INFO] Restcomm jSS7 :: Extended-SCCP :: Api-Ext :: sccp-api-ext SKIPPED
[INFO] Restcomm jSS7 :: Extended-SCCP :: Impl-Ext :: sccp-impl-ext SKIPPED
[INFO] Restcomm jSS7 :: SCCP :: CLI-Ext :: sccp-cli-ext ... SKIPPED
[INFO] Restcomm jSS7 :: TCAP :: Parent :: tcap-parent ..... SKIPPED
[INFO] Restcomm jSS7 :: TCAP :: Api :: tcap-api ........... SKIPPED
[INFO] Restcomm jSS7 :: TCAP :: Impl :: tcap-impl ......... SKIPPED
[INFO] Restcomm jSS7 :: TCAP :: CLI :: tcap-cli ........... SKIPPED
[INFO] Restcomm jSS7 :: TCAP-ANSI :: Parent :: tcap-ansi-parent SKIPPED
[INFO] Restcomm jSS7 :: TCAP ANSI :: Api :: tcap-ansi-api . SKIPPED
[INFO] Restcomm jSS7 :: TCAP ANSI :: Impl :: tcap-ansi-impl SKIPPED
[INFO] Restcomm jSS7 :: TCAP-ANSI :: CLI :: tcap-ansi-cli . SKIPPED
[INFO] Restcomm jSS7 :: MAP :: Parent :: map-parent ....... SKIPPED
[INFO] Restcomm jSS7 :: MAP :: Api :: map-api ............. SKIPPED
[INFO] Restcomm jSS7 :: MAP :: Impl :: map-impl ........... SKIPPED
[INFO] Restcomm jSS7 :: MAP :: LOAD :: map-load ........... SKIPPED
[INFO] Restcomm jSS7 :: INAP :: Parent :: inap-parent ..... SKIPPED
[INFO] Restcomm jSS7 :: INAP :: Api :: inap-api ........... SKIPPED
[INFO] Restcomm jSS7 :: INAP :: Impl :: inap-impl ......... SKIPPED
[INFO] Restcomm jSS7 :: CAP :: Parent :: cap-parent ....... SKIPPED
[INFO] Restcomm jSS7 :: CAP :: Api :: cap-api ............. SKIPPED
[INFO] Restcomm jSS7 :: CAP :: Impl :: cap-impl ........... SKIPPED
[INFO] Restcomm jSS7 :: SNIFFER :: Parent :: sniffer-parent SKIPPED
[INFO] Restcomm jSS7 :: SNIFFER :: Impl :: sniffer-impl ... SKIPPED
[INFO] sniffer-gui Maven Webapp ........................... SKIPPED
[INFO] Restcomm jSS7 :: Service :: restcomm-service-parent  SKIPPED
[INFO] Restcomm jSS7 :: Service :: Service :: restcomm-ss7-service SKIPPED
[INFO] Restcomm jSS7 :: restcomm-ss7-oam .................. SKIPPED
[INFO] Restcomm jSS7 :: restcomm-ss7-oam-common ........... SKIPPED
[INFO] Restcomm jSS7 :: Management-jmx :: jmx ............. SKIPPED
[INFO] Restcomm jSS7 :: Management-jmx :: alarm ........... SKIPPED
[INFO] Restcomm jSS7 :: Statistic-oam :: Parent :: statistics-oam-parent SKIPPED
[INFO] Restcomm jSS7 :: Statistic-oam :: API :: statistics-oam-api SKIPPED
[INFO] Restcomm jSS7 :: Statistic-oam :: Impl :: statistics-oam-impl SKIPPED
[INFO] Restcomm jSS7 :: Management-jmx-ss7 :: jmxss7 ...... SKIPPED
[INFO] Restcomm jSS7 :: Management-sctp-oam :: sctp-oam ... SKIPPED
[INFO] Restcomm jSS7 :: Management-jmx :: m3ua-oam ........ SKIPPED
[INFO] Restcomm jSS7 :: Management-jmx :: sccp-oam ........ SKIPPED
[INFO] Restcomm jSS7 :: Management-jmx :: tcap-oam ........ SKIPPED
[INFO] Restcomm jSS7 :: Management-jmx :: map-oam ......... SKIPPED
[INFO] Restcomm jSS7 :: Service :: WildFly :: restcomm-ss7-wildfly SKIPPED
[INFO] Restcomm jSS7 :: Service :: WildFly :: restcomm-ss7-wildfly-modules SKIPPED
[INFO] Restcomm jSS7 :: Service :: WildFly :: restcomm-ss7-wildfly-extension SKIPPED
[INFO] Restcomm jSS7 :: Service :: Commons :: restcomm-ss7-wildfly-commons SKIPPED
[INFO] Restcomm jSS7 :: Management :: UI :: new-ui ........ SKIPPED
[INFO] Restcomm jSS7 :: Tools :: Parent ................... SKIPPED
[INFO] Restcomm jSS7 Simulator :: Parent .................. SKIPPED
[INFO] Restcomm jSS7 Simulator :: Simulator core .......... SKIPPED
[INFO] Restcomm jSS7 Simulator :: Simulator GUI ........... SKIPPED
[INFO] Restcomm jSS7 Simulator :: Simulator Bootstrap ..... SKIPPED
[INFO] Restcomm jSS7 Trase Parser :: Parent ............... SKIPPED
[INFO] Restcomm jSS7 Trase Parser :: Trase Parser core .... SKIPPED
[INFO] Restcomm jSS7 Trase Parser :: Trase Parser Bootstrap SKIPPED
[INFO] ------------------------------------------------------------------------
[INFO] BUILD FAILURE
[INFO] ------------------------------------------------------------------------
[INFO] Total time:  13.653 s
[INFO] Finished at: 2026-04-07T20:38:39+07:00
[INFO] ------------------------------------------------------------------------
[ERROR] Failed to execute goal org.apache.maven.plugins:maven-compiler-plugin:3.8.1:compile (default-compile) on project sccp-impl: Compilation failure
[ERROR] /C:/Users/Windows/Desktop/ethiopia-working-dir/jSS7/sccp/sccp-impl/src/main/java/org/restcomm/protocols/ss7/sccp/impl/SccpResourceImpl.java:[407,29] unreported exception java.io.IOException; must be caught or declared to be thrown
[ERROR]   exception thrown from implicit call to close() on resource variable 'reader'
[ERROR] 
[ERROR] -> [Help 1]
[ERROR] 
[ERROR] To see the full stack trace of the errors, re-run Maven with the -e switch.
[ERROR] Re-run Maven using the -X switch to enable full debug logging.
[ERROR] 
[ERROR] For more information about the errors and possible solutions, please read the following articles:
[ERROR] [Help 1] http://cwiki.apache.org/confluence/display/MAVEN/MojoFailureException
