[INFO] Scanning for projects...
[INFO] Inspecting build with total of 54 modules...
[INFO] Not installing Nexus Staging features:
[INFO]  * Preexisting staging related goal bindings found in 54 modules.
[INFO] ------------------------------------------------------------------------
[INFO] Reactor Build Order:
[INFO] 
[INFO] Restcomm jSS7 :: SCCP :: Impl :: sccp-impl                         [jar]
[INFO] Restcomm jSS7 :: SCCP :: CLI :: sccp-cli                           [jar]
[INFO] Restcomm jSS7 :: Extended-SCCP :: Api-Ext :: sccp-api-ext          [jar]
[INFO] Restcomm jSS7 :: Extended-SCCP :: Impl-Ext :: sccp-impl-ext        [jar]
[INFO] Restcomm jSS7 :: SCCP :: CLI-Ext :: sccp-cli-ext                   [jar]
[INFO] Restcomm jSS7 :: TCAP :: Parent :: tcap-parent                     [pom]
[INFO] Restcomm jSS7 :: TCAP :: Api :: tcap-api                           [jar]
[INFO] Restcomm jSS7 :: TCAP :: Impl :: tcap-impl                         [jar]
[INFO] Restcomm jSS7 :: TCAP :: CLI :: tcap-cli                           [jar]
[INFO] Restcomm jSS7 :: TCAP-ANSI :: Parent :: tcap-ansi-parent           [pom]
[INFO] Restcomm jSS7 :: TCAP ANSI :: Api :: tcap-ansi-api                 [jar]
[INFO] Restcomm jSS7 :: TCAP ANSI :: Impl :: tcap-ansi-impl               [jar]
[INFO] Restcomm jSS7 :: TCAP-ANSI :: CLI :: tcap-ansi-cli                 [jar]
[INFO] Restcomm jSS7 :: MAP :: Parent :: map-parent                       [pom]
[INFO] Restcomm jSS7 :: MAP :: Api :: map-api                             [jar]
[INFO] Restcomm jSS7 :: MAP :: Impl :: map-impl                           [jar]
[INFO] Restcomm jSS7 :: MAP :: LOAD :: map-load                           [jar]
[INFO] Restcomm jSS7 :: INAP :: Parent :: inap-parent                     [pom]
[INFO] Restcomm jSS7 :: INAP :: Api :: inap-api                           [jar]
[INFO] Restcomm jSS7 :: INAP :: Impl :: inap-impl                         [jar]
[INFO] Restcomm jSS7 :: CAP :: Parent :: cap-parent                       [pom]
[INFO] Restcomm jSS7 :: CAP :: Api :: cap-api                             [jar]
[INFO] Restcomm jSS7 :: CAP :: Impl :: cap-impl                           [jar]
[INFO] Restcomm jSS7 :: SNIFFER :: Parent :: sniffer-parent               [pom]
[INFO] Restcomm jSS7 :: SNIFFER :: Impl :: sniffer-impl                   [jar]
[INFO] sniffer-gui Maven Webapp                                           [war]
[INFO] Restcomm jSS7 :: Service :: restcomm-service-parent                [pom]
[INFO] Restcomm jSS7 :: Service :: Service :: restcomm-ss7-service        [jar]
[INFO] Restcomm jSS7 :: restcomm-ss7-oam                                  [pom]
[INFO] Restcomm jSS7 :: restcomm-ss7-oam-common                           [pom]
[INFO] Restcomm jSS7 :: Management-jmx :: jmx                             [jar]
[INFO] Restcomm jSS7 :: Management-jmx :: alarm                           [jar]
[INFO] Restcomm jSS7 :: Statistic-oam :: Parent :: statistics-oam-parent  [pom]
[INFO] Restcomm jSS7 :: Statistic-oam :: API :: statistics-oam-api        [jar]
[INFO] Restcomm jSS7 :: Statistic-oam :: Impl :: statistics-oam-impl      [jar]
[INFO] Restcomm jSS7 :: Management-jmx-ss7 :: jmxss7                      [jar]
[INFO] Restcomm jSS7 :: Management-sctp-oam :: sctp-oam                   [jar]
[INFO] Restcomm jSS7 :: Management-jmx :: m3ua-oam                        [jar]
[INFO] Restcomm jSS7 :: Management-jmx :: sccp-oam                        [jar]
[INFO] Restcomm jSS7 :: Management-jmx :: tcap-oam                        [jar]
[INFO] Restcomm jSS7 :: Management-jmx :: map-oam                         [jar]
[INFO] Restcomm jSS7 :: Service :: WildFly :: restcomm-ss7-wildfly        [pom]
[INFO] Restcomm jSS7 :: Service :: WildFly :: restcomm-ss7-wildfly-modules [jar]
[INFO] Restcomm jSS7 :: Service :: WildFly :: restcomm-ss7-wildfly-extension [jar]
[INFO] Restcomm jSS7 :: Service :: Commons :: restcomm-ss7-wildfly-commons [jar]
[INFO] Restcomm jSS7 :: Management :: UI :: new-ui                        [war]
[INFO] Restcomm jSS7 :: Tools :: Parent                                   [pom]
[INFO] Restcomm jSS7 Simulator :: Parent                                  [pom]
[INFO] Restcomm jSS7 Simulator :: Simulator core                          [jar]
[INFO] Restcomm jSS7 Simulator :: Simulator GUI                           [jar]
[INFO] Restcomm jSS7 Simulator :: Simulator Bootstrap                     [jar]
[INFO] Restcomm jSS7 Trase Parser :: Parent                               [pom]
[INFO] Restcomm jSS7 Trase Parser :: Trase Parser core                    [jar]
[INFO] Restcomm jSS7 Trase Parser :: Trase Parser Bootstrap               [jar]
[INFO] 
[INFO] -------------< org.restcomm.protocols.ss7.sccp:sccp-impl >--------------
[INFO] Building Restcomm jSS7 :: SCCP :: Impl :: sccp-impl 9.2.0         [1/54]
[INFO]   from pom.xml
[INFO] --------------------------------[ jar ]---------------------------------
[INFO] 
[INFO] --- clean:3.2.0:clean (default-clean) @ sccp-impl ---
[INFO] Deleting C:\Users\Windows\Desktop\ethiopia-working-dir\jSS7\sccp\sccp-impl\target
[INFO] 
[INFO] --- resources:3.3.1:resources (default-resources) @ sccp-impl ---
[INFO] skip non existing resourceDirectory C:\Users\Windows\Desktop\ethiopia-working-dir\jSS7\sccp\sccp-impl\src\main\resources
[INFO] 
[INFO] --- compiler:3.8.1:compile (default-compile) @ sccp-impl ---
[INFO] Changes detected - recompiling the module!
[INFO] Compiling 88 source files to C:\Users\Windows\Desktop\ethiopia-working-dir\jSS7\sccp\sccp-impl\target\classes
[INFO] 
[INFO] --- checkstyle:2.9.1:checkstyle (check-style) @ sccp-impl ---
[WARNING]  Parameter 'headerFile' (user property 'basedir'/LICENSE.txt) is deprecated: Use headerLocation instead.
[INFO] 
[INFO] --- bundle:2.3.4:manifest (bundle-manifest) @ sccp-impl ---
java.lang.ArrayIndexOutOfBoundsException: Index 18 out of bounds for length 13
	at aQute.lib.osgi.Clazz.parseClassFile(Clazz.java:412)
	at aQute.lib.osgi.Clazz.parseClassFile(Clazz.java:333)
	at aQute.lib.osgi.Clazz.parseClassFileWithCollector(Clazz.java:323)
	at aQute.lib.osgi.Clazz.parseClassFile(Clazz.java:313)
	at aQute.lib.osgi.Analyzer.analyzeJar(Analyzer.java:1646)
	at aQute.lib.osgi.Analyzer.analyzeBundleClasspath(Analyzer.java:1534)
	at aQute.lib.osgi.Analyzer.analyze(Analyzer.java:115)
	at aQute.lib.osgi.Builder.analyze(Builder.java:296)
	at aQute.lib.osgi.Analyzer.calcManifest(Analyzer.java:292)
	at aQute.lib.osgi.Builder.build(Builder.java:68)
	at org.apache.felix.bundleplugin.BundlePlugin.buildOSGiBundle(BundlePlugin.java:375)
	at org.apache.felix.bundleplugin.ManifestPlugin.execute(ManifestPlugin.java:60)
	at org.apache.felix.bundleplugin.BundlePlugin.execute(BundlePlugin.java:224)
	at org.apache.felix.bundleplugin.BundlePlugin.execute(BundlePlugin.java:215)
	at org.apache.maven.plugin.DefaultBuildPluginManager.executeMojo(DefaultBuildPluginManager.java:126)
	at org.apache.maven.lifecycle.internal.MojoExecutor.doExecute2(MojoExecutor.java:328)
	at org.apache.maven.lifecycle.internal.MojoExecutor.doExecute(MojoExecutor.java:316)
	at org.apache.maven.lifecycle.internal.MojoExecutor.execute(MojoExecutor.java:212)
	at org.apache.maven.lifecycle.internal.MojoExecutor.execute(MojoExecutor.java:174)
	at org.apache.maven.lifecycle.internal.MojoExecutor.access$000(MojoExecutor.java:75)
	at org.apache.maven.lifecycle.internal.MojoExecutor$1.run(MojoExecutor.java:162)
	at org.apache.maven.plugin.DefaultMojosExecutionStrategy.execute(DefaultMojosExecutionStrategy.java:39)
	at org.apache.maven.lifecycle.internal.MojoExecutor.execute(MojoExecutor.java:159)
	at org.apache.maven.lifecycle.internal.LifecycleModuleBuilder.buildProject(LifecycleModuleBuilder.java:105)
	at org.apache.maven.lifecycle.internal.LifecycleModuleBuilder.buildProject(LifecycleModuleBuilder.java:73)
	at org.apache.maven.lifecycle.internal.builder.singlethreaded.SingleThreadedBuilder.build(SingleThreadedBuilder.java:53)
	at org.apache.maven.lifecycle.internal.LifecycleStarter.execute(LifecycleStarter.java:118)
	at org.apache.maven.DefaultMaven.doExecute(DefaultMaven.java:261)
	at org.apache.maven.DefaultMaven.doExecute(DefaultMaven.java:173)
	at org.apache.maven.DefaultMaven.execute(DefaultMaven.java:101)
	at org.apache.maven.cli.MavenCli.execute(MavenCli.java:919)
	at org.apache.maven.cli.MavenCli.doMain(MavenCli.java:285)
	at org.apache.maven.cli.MavenCli.main(MavenCli.java:207)
	at java.base/jdk.internal.reflect.DirectMethodHandleAccessor.invoke(DirectMethodHandleAccessor.java:104)
	at java.base/java.lang.reflect.Method.invoke(Method.java:565)
	at org.codehaus.plexus.classworlds.launcher.Launcher.launchEnhanced(Launcher.java:255)
	at org.codehaus.plexus.classworlds.launcher.Launcher.launch(Launcher.java:201)
	at org.codehaus.plexus.classworlds.launcher.Launcher.mainWithExitCode(Launcher.java:361)
	at org.codehaus.plexus.classworlds.launcher.Launcher.main(Launcher.java:314)
java.lang.ArrayIndexOutOfBoundsException: Index 18 out of bounds for length 13
	at aQute.lib.osgi.Clazz.parseClassFile(Clazz.java:412)
	at aQute.lib.osgi.Clazz.parseClassFile(Clazz.java:333)
	at aQute.lib.osgi.Clazz.parseClassFileWithCollector(Clazz.java:323)
	at aQute.lib.osgi.Clazz.parseClassFile(Clazz.java:313)
	at aQute.lib.osgi.Analyzer.analyzeJar(Analyzer.java:1646)
	at aQute.lib.osgi.Analyzer.analyzeBundleClasspath(Analyzer.java:1534)
	at aQute.lib.osgi.Analyzer.analyze(Analyzer.java:115)
	at aQute.lib.osgi.Builder.analyze(Builder.java:296)
	at aQute.lib.osgi.Analyzer.calcManifest(Analyzer.java:292)
	at aQute.lib.osgi.Builder.build(Builder.java:68)
	at org.apache.felix.bundleplugin.BundlePlugin.buildOSGiBundle(BundlePlugin.java:375)
	at org.apache.felix.bundleplugin.ManifestPlugin.execute(ManifestPlugin.java:60)
	at org.apache.felix.bundleplugin.BundlePlugin.execute(BundlePlugin.java:224)
	at org.apache.felix.bundleplugin.BundlePlugin.execute(BundlePlugin.java:215)
	at org.apache.maven.plugin.DefaultBuildPluginManager.executeMojo(DefaultBuildPluginManager.java:126)
	at org.apache.maven.lifecycle.internal.MojoExecutor.doExecute2(MojoExecutor.java:328)
	at org.apache.maven.lifecycle.internal.MojoExecutor.doExecute(MojoExecutor.java:316)
	at org.apache.maven.lifecycle.internal.MojoExecutor.execute(MojoExecutor.java:212)
	at org.apache.maven.lifecycle.internal.MojoExecutor.execute(MojoExecutor.java:174)
	at org.apache.maven.lifecycle.internal.MojoExecutor.access$000(MojoExecutor.java:75)
	at org.apache.maven.lifecycle.internal.MojoExecutor$1.run(MojoExecutor.java:162)
	at org.apache.maven.plugin.DefaultMojosExecutionStrategy.execute(DefaultMojosExecutionStrategy.java:39)
	at org.apache.maven.lifecycle.internal.MojoExecutor.execute(MojoExecutor.java:159)
	at org.apache.maven.lifecycle.internal.LifecycleModuleBuilder.buildProject(LifecycleModuleBuilder.java:105)
	at org.apache.maven.lifecycle.internal.LifecycleModuleBuilder.buildProject(LifecycleModuleBuilder.java:73)
	at org.apache.maven.lifecycle.internal.builder.singlethreaded.SingleThreadedBuilder.build(SingleThreadedBuilder.java:53)
	at org.apache.maven.lifecycle.internal.LifecycleStarter.execute(LifecycleStarter.java:118)
	at org.apache.maven.DefaultMaven.doExecute(DefaultMaven.java:261)
	at org.apache.maven.DefaultMaven.doExecute(DefaultMaven.java:173)
	at org.apache.maven.DefaultMaven.execute(DefaultMaven.java:101)
	at org.apache.maven.cli.MavenCli.execute(MavenCli.java:919)
	at org.apache.maven.cli.MavenCli.doMain(MavenCli.java:285)
	at org.apache.maven.cli.MavenCli.main(MavenCli.java:207)
	at java.base/jdk.internal.reflect.DirectMethodHandleAccessor.invoke(DirectMethodHandleAccessor.java:104)
	at java.base/java.lang.reflect.Method.invoke(Method.java:565)
	at org.codehaus.plexus.classworlds.launcher.Launcher.launchEnhanced(Launcher.java:255)
	at org.codehaus.plexus.classworlds.launcher.Launcher.launch(Launcher.java:201)
	at org.codehaus.plexus.classworlds.launcher.Launcher.mainWithExitCode(Launcher.java:361)
	at org.codehaus.plexus.classworlds.launcher.Launcher.main(Launcher.java:314)
java.lang.ArrayIndexOutOfBoundsException: Index 18 out of bounds for length 13
	at aQute.lib.osgi.Clazz.parseClassFile(Clazz.java:412)
	at aQute.lib.osgi.Clazz.parseClassFile(Clazz.java:333)
	at aQute.lib.osgi.Clazz.parseClassFileWithCollector(Clazz.java:323)
	at aQute.lib.osgi.Clazz.parseClassFile(Clazz.java:313)
	at aQute.lib.osgi.Analyzer.analyzeJar(Analyzer.java:1646)
	at aQute.lib.osgi.Analyzer.analyzeBundleClasspath(Analyzer.java:1534)
	at aQute.lib.osgi.Analyzer.analyze(Analyzer.java:115)
	at aQute.lib.osgi.Builder.analyze(Builder.java:296)
	at aQute.lib.osgi.Analyzer.calcManifest(Analyzer.java:292)
	at aQute.lib.osgi.Builder.build(Builder.java:68)
	at org.apache.felix.bundleplugin.BundlePlugin.buildOSGiBundle(BundlePlugin.java:375)
	at org.apache.felix.bundleplugin.ManifestPlugin.execute(ManifestPlugin.java:60)
	at org.apache.felix.bundleplugin.BundlePlugin.execute(BundlePlugin.java:224)
	at org.apache.felix.bundleplugin.BundlePlugin.execute(BundlePlugin.java:215)
	at org.apache.maven.plugin.DefaultBuildPluginManager.executeMojo(DefaultBuildPluginManager.java:126)
	at org.apache.maven.lifecycle.internal.MojoExecutor.doExecute2(MojoExecutor.java:328)
	at org.apache.maven.lifecycle.internal.MojoExecutor.doExecute(MojoExecutor.java:316)
	at org.apache.maven.lifecycle.internal.MojoExecutor.execute(MojoExecutor.java:212)
	at org.apache.maven.lifecycle.internal.MojoExecutor.execute(MojoExecutor.java:174)
	at org.apache.maven.lifecycle.internal.MojoExecutor.access$000(MojoExecutor.java:75)
	at org.apache.maven.lifecycle.internal.MojoExecutor$1.run(MojoExecutor.java:162)
	at org.apache.maven.plugin.DefaultMojosExecutionStrategy.execute(DefaultMojosExecutionStrategy.java:39)
	at org.apache.maven.lifecycle.internal.MojoExecutor.execute(MojoExecutor.java:159)
	at org.apache.maven.lifecycle.internal.LifecycleModuleBuilder.buildProject(LifecycleModuleBuilder.java:105)
	at org.apache.maven.lifecycle.internal.LifecycleModuleBuilder.buildProject(LifecycleModuleBuilder.java:73)
	at org.apache.maven.lifecycle.internal.builder.singlethreaded.SingleThreadedBuilder.build(SingleThreadedBuilder.java:53)
	at org.apache.maven.lifecycle.internal.LifecycleStarter.execute(LifecycleStarter.java:118)
	at org.apache.maven.DefaultMaven.doExecute(DefaultMaven.java:261)
	at org.apache.maven.DefaultMaven.doExecute(DefaultMaven.java:173)
	at org.apache.maven.DefaultMaven.execute(DefaultMaven.java:101)
	at org.apache.maven.cli.MavenCli.execute(MavenCli.java:919)
	at org.apache.maven.cli.MavenCli.doMain(MavenCli.java:285)
	at org.apache.maven.cli.MavenCli.main(MavenCli.java:207)
	at java.base/jdk.internal.reflect.DirectMethodHandleAccessor.invoke(DirectMethodHandleAccessor.java:104)
	at java.base/java.lang.reflect.Method.invoke(Method.java:565)
	at org.codehaus.plexus.classworlds.launcher.Launcher.launchEnhanced(Launcher.java:255)
	at org.codehaus.plexus.classworlds.launcher.Launcher.launch(Launcher.java:201)
	at org.codehaus.plexus.classworlds.launcher.Launcher.mainWithExitCode(Launcher.java:361)
	at org.codehaus.plexus.classworlds.launcher.Launcher.main(Launcher.java:314)
java.lang.ArrayIndexOutOfBoundsException: Index 18 out of bounds for length 13
	at aQute.lib.osgi.Clazz.parseClassFile(Clazz.java:412)
	at aQute.lib.osgi.Clazz.parseClassFile(Clazz.java:333)
	at aQute.lib.osgi.Clazz.parseClassFileWithCollector(Clazz.java:323)
	at aQute.lib.osgi.Clazz.parseClassFile(Clazz.java:313)
	at aQute.lib.osgi.Analyzer.analyzeJar(Analyzer.java:1646)
	at aQute.lib.osgi.Analyzer.analyzeBundleClasspath(Analyzer.java:1534)
	at aQute.lib.osgi.Analyzer.analyze(Analyzer.java:115)
	at aQute.lib.osgi.Builder.analyze(Builder.java:296)
	at aQute.lib.osgi.Analyzer.calcManifest(Analyzer.java:292)
	at aQute.lib.osgi.Builder.build(Builder.java:68)
	at org.apache.felix.bundleplugin.BundlePlugin.buildOSGiBundle(BundlePlugin.java:375)
	at org.apache.felix.bundleplugin.ManifestPlugin.execute(ManifestPlugin.java:60)
	at org.apache.felix.bundleplugin.BundlePlugin.execute(BundlePlugin.java:224)
	at org.apache.felix.bundleplugin.BundlePlugin.execute(BundlePlugin.java:215)
	at org.apache.maven.plugin.DefaultBuildPluginManager.executeMojo(DefaultBuildPluginManager.java:126)
	at org.apache.maven.lifecycle.internal.MojoExecutor.doExecute2(MojoExecutor.java:328)
	at org.apache.maven.lifecycle.internal.MojoExecutor.doExecute(MojoExecutor.java:316)
	at org.apache.maven.lifecycle.internal.MojoExecutor.execute(MojoExecutor.java:212)
	at org.apache.maven.lifecycle.internal.MojoExecutor.execute(MojoExecutor.java:174)
	at org.apache.maven.lifecycle.internal.MojoExecutor.access$000(MojoExecutor.java:75)
	at org.apache.maven.lifecycle.internal.MojoExecutor$1.run(MojoExecutor.java:162)
	at org.apache.maven.plugin.DefaultMojosExecutionStrategy.execute(DefaultMojosExecutionStrategy.java:39)
	at org.apache.maven.lifecycle.internal.MojoExecutor.execute(MojoExecutor.java:159)
	at org.apache.maven.lifecycle.internal.LifecycleModuleBuilder.buildProject(LifecycleModuleBuilder.java:105)
	at org.apache.maven.lifecycle.internal.LifecycleModuleBuilder.buildProject(LifecycleModuleBuilder.java:73)
	at org.apache.maven.lifecycle.internal.builder.singlethreaded.SingleThreadedBuilder.build(SingleThreadedBuilder.java:53)
	at org.apache.maven.lifecycle.internal.LifecycleStarter.execute(LifecycleStarter.java:118)
	at org.apache.maven.DefaultMaven.doExecute(DefaultMaven.java:261)
	at org.apache.maven.DefaultMaven.doExecute(DefaultMaven.java:173)
	at org.apache.maven.DefaultMaven.execute(DefaultMaven.java:101)
	at org.apache.maven.cli.MavenCli.execute(MavenCli.java:919)
	at org.apache.maven.cli.MavenCli.doMain(MavenCli.java:285)
	at org.apache.maven.cli.MavenCli.main(MavenCli.java:207)
	at java.base/jdk.internal.reflect.DirectMethodHandleAccessor.invoke(DirectMethodHandleAccessor.java:104)
	at java.base/java.lang.reflect.Method.invoke(Method.java:565)
	at org.codehaus.plexus.classworlds.launcher.Launcher.launchEnhanced(Launcher.java:255)
	at org.codehaus.plexus.classworlds.launcher.Launcher.launch(Launcher.java:201)
	at org.codehaus.plexus.classworlds.launcher.Launcher.mainWithExitCode(Launcher.java:361)
	at org.codehaus.plexus.classworlds.launcher.Launcher.main(Launcher.java:314)
java.lang.ArrayIndexOutOfBoundsException: Index 18 out of bounds for length 13
	at aQute.lib.osgi.Clazz.parseClassFile(Clazz.java:412)
	at aQute.lib.osgi.Clazz.parseClassFile(Clazz.java:333)
	at aQute.lib.osgi.Clazz.parseClassFileWithCollector(Clazz.java:323)
	at aQute.lib.osgi.Clazz.parseClassFile(Clazz.java:313)
	at aQute.lib.osgi.Analyzer.analyzeJar(Analyzer.java:1646)
	at aQute.lib.osgi.Analyzer.analyzeBundleClasspath(Analyzer.java:1534)
	at aQute.lib.osgi.Analyzer.analyze(Analyzer.java:115)
	at aQute.lib.osgi.Builder.analyze(Builder.java:296)
	at aQute.lib.osgi.Analyzer.calcManifest(Analyzer.java:292)
	at aQute.lib.osgi.Builder.build(Builder.java:68)
	at org.apache.felix.bundleplugin.BundlePlugin.buildOSGiBundle(BundlePlugin.java:375)
	at org.apache.felix.bundleplugin.ManifestPlugin.execute(ManifestPlugin.java:60)
	at org.apache.felix.bundleplugin.BundlePlugin.execute(BundlePlugin.java:224)
	at org.apache.felix.bundleplugin.BundlePlugin.execute(BundlePlugin.java:215)
	at org.apache.maven.plugin.DefaultBuildPluginManager.executeMojo(DefaultBuildPluginManager.java:126)
	at org.apache.maven.lifecycle.internal.MojoExecutor.doExecute2(MojoExecutor.java:328)
	at org.apache.maven.lifecycle.internal.MojoExecutor.doExecute(MojoExecutor.java:316)
	at org.apache.maven.lifecycle.internal.MojoExecutor.execute(MojoExecutor.java:212)
	at org.apache.maven.lifecycle.internal.MojoExecutor.execute(MojoExecutor.java:174)
	at org.apache.maven.lifecycle.internal.MojoExecutor.access$000(MojoExecutor.java:75)
	at org.apache.maven.lifecycle.internal.MojoExecutor$1.run(MojoExecutor.java:162)
	at org.apache.maven.plugin.DefaultMojosExecutionStrategy.execute(DefaultMojosExecutionStrategy.java:39)
	at org.apache.maven.lifecycle.internal.MojoExecutor.execute(MojoExecutor.java:159)
	at org.apache.maven.lifecycle.internal.LifecycleModuleBuilder.buildProject(LifecycleModuleBuilder.java:105)
	at org.apache.maven.lifecycle.internal.LifecycleModuleBuilder.buildProject(LifecycleModuleBuilder.java:73)
	at org.apache.maven.lifecycle.internal.builder.singlethreaded.SingleThreadedBuilder.build(SingleThreadedBuilder.java:53)
	at org.apache.maven.lifecycle.internal.LifecycleStarter.execute(LifecycleStarter.java:118)
	at org.apache.maven.DefaultMaven.doExecute(DefaultMaven.java:261)
	at org.apache.maven.DefaultMaven.doExecute(DefaultMaven.java:173)
	at org.apache.maven.DefaultMaven.execute(DefaultMaven.java:101)
	at org.apache.maven.cli.MavenCli.execute(MavenCli.java:919)
	at org.apache.maven.cli.MavenCli.doMain(MavenCli.java:285)
	at org.apache.maven.cli.MavenCli.main(MavenCli.java:207)
	at java.base/jdk.internal.reflect.DirectMethodHandleAccessor.invoke(DirectMethodHandleAccessor.java:104)
	at java.base/java.lang.reflect.Method.invoke(Method.java:565)
	at org.codehaus.plexus.classworlds.launcher.Launcher.launchEnhanced(Launcher.java:255)
	at org.codehaus.plexus.classworlds.launcher.Launcher.launch(Launcher.java:201)
	at org.codehaus.plexus.classworlds.launcher.Launcher.mainWithExitCode(Launcher.java:361)
	at org.codehaus.plexus.classworlds.launcher.Launcher.main(Launcher.java:314)
java.lang.ArrayIndexOutOfBoundsException: Index 18 out of bounds for length 13
	at aQute.lib.osgi.Clazz.parseClassFile(Clazz.java:412)
	at aQute.lib.osgi.Clazz.parseClassFile(Clazz.java:333)
	at aQute.lib.osgi.Clazz.parseClassFileWithCollector(Clazz.java:323)
	at aQute.lib.osgi.Clazz.parseClassFile(Clazz.java:313)
	at aQute.lib.osgi.Analyzer.analyzeJar(Analyzer.java:1646)
	at aQute.lib.osgi.Analyzer.analyzeBundleClasspath(Analyzer.java:1534)
	at aQute.lib.osgi.Analyzer.analyze(Analyzer.java:115)
	at aQute.lib.osgi.Builder.analyze(Builder.java:296)
	at aQute.lib.osgi.Analyzer.calcManifest(Analyzer.java:292)
	at aQute.lib.osgi.Builder.build(Builder.java:68)
	at org.apache.felix.bundleplugin.BundlePlugin.buildOSGiBundle(BundlePlugin.java:375)
	at org.apache.felix.bundleplugin.ManifestPlugin.execute(ManifestPlugin.java:60)
	at org.apache.felix.bundleplugin.BundlePlugin.execute(BundlePlugin.java:224)
	at org.apache.felix.bundleplugin.BundlePlugin.execute(BundlePlugin.java:215)
	at org.apache.maven.plugin.DefaultBuildPluginManager.executeMojo(DefaultBuildPluginManager.java:126)
	at org.apache.maven.lifecycle.internal.MojoExecutor.doExecute2(MojoExecutor.java:328)
	at org.apache.maven.lifecycle.internal.MojoExecutor.doExecute(MojoExecutor.java:316)
	at org.apache.maven.lifecycle.internal.MojoExecutor.execute(MojoExecutor.java:212)
	at org.apache.maven.lifecycle.internal.MojoExecutor.execute(MojoExecutor.java:174)
	at org.apache.maven.lifecycle.internal.MojoExecutor.access$000(MojoExecutor.java:75)
	at org.apache.maven.lifecycle.internal.MojoExecutor$1.run(MojoExecutor.java:162)
	at org.apache.maven.plugin.DefaultMojosExecutionStrategy.execute(DefaultMojosExecutionStrategy.java:39)
	at org.apache.maven.lifecycle.internal.MojoExecutor.execute(MojoExecutor.java:159)
	at org.apache.maven.lifecycle.internal.LifecycleModuleBuilder.buildProject(LifecycleModuleBuilder.java:105)
	at org.apache.maven.lifecycle.internal.LifecycleModuleBuilder.buildProject(LifecycleModuleBuilder.java:73)
	at org.apache.maven.lifecycle.internal.builder.singlethreaded.SingleThreadedBuilder.build(SingleThreadedBuilder.java:53)
	at org.apache.maven.lifecycle.internal.LifecycleStarter.execute(LifecycleStarter.java:118)
	at org.apache.maven.DefaultMaven.doExecute(DefaultMaven.java:261)
	at org.apache.maven.DefaultMaven.doExecute(DefaultMaven.java:173)
	at org.apache.maven.DefaultMaven.execute(DefaultMaven.java:101)
	at org.apache.maven.cli.MavenCli.execute(MavenCli.java:919)
	at org.apache.maven.cli.MavenCli.doMain(MavenCli.java:285)
	at org.apache.maven.cli.MavenCli.main(MavenCli.java:207)
	at java.base/jdk.internal.reflect.DirectMethodHandleAccessor.invoke(DirectMethodHandleAccessor.java:104)
	at java.base/java.lang.reflect.Method.invoke(Method.java:565)
	at org.codehaus.plexus.classworlds.launcher.Launcher.launchEnhanced(Launcher.java:255)
	at org.codehaus.plexus.classworlds.launcher.Launcher.launch(Launcher.java:201)
	at org.codehaus.plexus.classworlds.launcher.Launcher.mainWithExitCode(Launcher.java:361)
	at org.codehaus.plexus.classworlds.launcher.Launcher.main(Launcher.java:314)
java.lang.ArrayIndexOutOfBoundsException: Index 18 out of bounds for length 13
	at aQute.lib.osgi.Clazz.parseClassFile(Clazz.java:412)
	at aQute.lib.osgi.Clazz.parseClassFile(Clazz.java:333)
	at aQute.lib.osgi.Clazz.parseClassFileWithCollector(Clazz.java:323)
	at aQute.lib.osgi.Clazz.parseClassFile(Clazz.java:313)
	at aQute.lib.osgi.Analyzer.analyzeJar(Analyzer.java:1646)
	at aQute.lib.osgi.Analyzer.analyzeBundleClasspath(Analyzer.java:1534)
	at aQute.lib.osgi.Analyzer.analyze(Analyzer.java:115)
	at aQute.lib.osgi.Builder.analyze(Builder.java:296)
	at aQute.lib.osgi.Analyzer.calcManifest(Analyzer.java:292)
	at aQute.lib.osgi.Builder.build(Builder.java:68)
	at org.apache.felix.bundleplugin.BundlePlugin.buildOSGiBundle(BundlePlugin.java:375)
	at org.apache.felix.bundleplugin.ManifestPlugin.execute(ManifestPlugin.java:60)
	at org.apache.felix.bundleplugin.BundlePlugin.execute(BundlePlugin.java:224)
	at org.apache.felix.bundleplugin.BundlePlugin.execute(BundlePlugin.java:215)
	at org.apache.maven.plugin.DefaultBuildPluginManager.executeMojo(DefaultBuildPluginManager.java:126)
	at org.apache.maven.lifecycle.internal.MojoExecutor.doExecute2(MojoExecutor.java:328)
	at org.apache.maven.lifecycle.internal.MojoExecutor.doExecute(MojoExecutor.java:316)
	at org.apache.maven.lifecycle.internal.MojoExecutor.execute(MojoExecutor.java:212)
	at org.apache.maven.lifecycle.internal.MojoExecutor.execute(MojoExecutor.java:174)
	at org.apache.maven.lifecycle.internal.MojoExecutor.access$000(MojoExecutor.java:75)
	at org.apache.maven.lifecycle.internal.MojoExecutor$1.run(MojoExecutor.java:162)
	at org.apache.maven.plugin.DefaultMojosExecutionStrategy.execute(DefaultMojosExecutionStrategy.java:39)
	at org.apache.maven.lifecycle.internal.MojoExecutor.execute(MojoExecutor.java:159)
	at org.apache.maven.lifecycle.internal.LifecycleModuleBuilder.buildProject(LifecycleModuleBuilder.java:105)
	at org.apache.maven.lifecycle.internal.LifecycleModuleBuilder.buildProject(LifecycleModuleBuilder.java:73)
	at org.apache.maven.lifecycle.internal.builder.singlethreaded.SingleThreadedBuilder.build(SingleThreadedBuilder.java:53)
	at org.apache.maven.lifecycle.internal.LifecycleStarter.execute(LifecycleStarter.java:118)
	at org.apache.maven.DefaultMaven.doExecute(DefaultMaven.java:261)
	at org.apache.maven.DefaultMaven.doExecute(DefaultMaven.java:173)
	at org.apache.maven.DefaultMaven.execute(DefaultMaven.java:101)
	at org.apache.maven.cli.MavenCli.execute(MavenCli.java:919)
	at org.apache.maven.cli.MavenCli.doMain(MavenCli.java:285)
	at org.apache.maven.cli.MavenCli.main(MavenCli.java:207)
	at java.base/jdk.internal.reflect.DirectMethodHandleAccessor.invoke(DirectMethodHandleAccessor.java:104)
	at java.base/java.lang.reflect.Method.invoke(Method.java:565)
	at org.codehaus.plexus.classworlds.launcher.Launcher.launchEnhanced(Launcher.java:255)
	at org.codehaus.plexus.classworlds.launcher.Launcher.launch(Launcher.java:201)
	at org.codehaus.plexus.classworlds.launcher.Launcher.mainWithExitCode(Launcher.java:361)
	at org.codehaus.plexus.classworlds.launcher.Launcher.main(Launcher.java:314)
java.lang.ArrayIndexOutOfBoundsException: Index 18 out of bounds for length 13
	at aQute.lib.osgi.Clazz.parseClassFile(Clazz.java:412)
	at aQute.lib.osgi.Clazz.parseClassFile(Clazz.java:333)
	at aQute.lib.osgi.Clazz.parseClassFileWithCollector(Clazz.java:323)
	at aQute.lib.osgi.Clazz.parseClassFile(Clazz.java:313)
	at aQute.lib.osgi.Analyzer.analyzeJar(Analyzer.java:1646)
	at aQute.lib.osgi.Analyzer.analyzeBundleClasspath(Analyzer.java:1534)
	at aQute.lib.osgi.Analyzer.analyze(Analyzer.java:115)
	at aQute.lib.osgi.Builder.analyze(Builder.java:296)
	at aQute.lib.osgi.Analyzer.calcManifest(Analyzer.java:292)
	at aQute.lib.osgi.Builder.build(Builder.java:68)
	at org.apache.felix.bundleplugin.BundlePlugin.buildOSGiBundle(BundlePlugin.java:375)
	at org.apache.felix.bundleplugin.ManifestPlugin.execute(ManifestPlugin.java:60)
	at org.apache.felix.bundleplugin.BundlePlugin.execute(BundlePlugin.java:224)
	at org.apache.felix.bundleplugin.BundlePlugin.execute(BundlePlugin.java:215)
	at org.apache.maven.plugin.DefaultBuildPluginManager.executeMojo(DefaultBuildPluginManager.java:126)
	at org.apache.maven.lifecycle.internal.MojoExecutor.doExecute2(MojoExecutor.java:328)
	at org.apache.maven.lifecycle.internal.MojoExecutor.doExecute(MojoExecutor.java:316)
	at org.apache.maven.lifecycle.internal.MojoExecutor.execute(MojoExecutor.java:212)
	at org.apache.maven.lifecycle.internal.MojoExecutor.execute(MojoExecutor.java:174)
	at org.apache.maven.lifecycle.internal.MojoExecutor.access$000(MojoExecutor.java:75)
	at org.apache.maven.lifecycle.internal.MojoExecutor$1.run(MojoExecutor.java:162)
	at org.apache.maven.plugin.DefaultMojosExecutionStrategy.execute(DefaultMojosExecutionStrategy.java:39)
	at org.apache.maven.lifecycle.internal.MojoExecutor.execute(MojoExecutor.java:159)
	at org.apache.maven.lifecycle.internal.LifecycleModuleBuilder.buildProject(LifecycleModuleBuilder.java:105)
	at org.apache.maven.lifecycle.internal.LifecycleModuleBuilder.buildProject(LifecycleModuleBuilder.java:73)
	at org.apache.maven.lifecycle.internal.builder.singlethreaded.SingleThreadedBuilder.build(SingleThreadedBuilder.java:53)
	at org.apache.maven.lifecycle.internal.LifecycleStarter.execute(LifecycleStarter.java:118)
	at org.apache.maven.DefaultMaven.doExecute(DefaultMaven.java:261)
	at org.apache.maven.DefaultMaven.doExecute(DefaultMaven.java:173)
	at org.apache.maven.DefaultMaven.execute(DefaultMaven.java:101)
	at org.apache.maven.cli.MavenCli.execute(MavenCli.java:919)
	at org.apache.maven.cli.MavenCli.doMain(MavenCli.java:285)
	at org.apache.maven.cli.MavenCli.main(MavenCli.java:207)
	at java.base/jdk.internal.reflect.DirectMethodHandleAccessor.invoke(DirectMethodHandleAccessor.java:104)
	at java.base/java.lang.reflect.Method.invoke(Method.java:565)
	at org.codehaus.plexus.classworlds.launcher.Launcher.launchEnhanced(Launcher.java:255)
	at org.codehaus.plexus.classworlds.launcher.Launcher.launch(Launcher.java:201)
	at org.codehaus.plexus.classworlds.launcher.Launcher.mainWithExitCode(Launcher.java:361)
	at org.codehaus.plexus.classworlds.launcher.Launcher.main(Launcher.java:314)
java.lang.ArrayIndexOutOfBoundsException: Index 18 out of bounds for length 13
	at aQute.lib.osgi.Clazz.parseClassFile(Clazz.java:412)
	at aQute.lib.osgi.Clazz.parseClassFile(Clazz.java:333)
	at aQute.lib.osgi.Clazz.parseClassFileWithCollector(Clazz.java:323)
	at aQute.lib.osgi.Clazz.parseClassFile(Clazz.java:313)
	at aQute.lib.osgi.Analyzer.analyzeJar(Analyzer.java:1646)
	at aQute.lib.osgi.Analyzer.analyzeBundleClasspath(Analyzer.java:1534)
	at aQute.lib.osgi.Analyzer.analyze(Analyzer.java:115)
	at aQute.lib.osgi.Builder.analyze(Builder.java:296)
	at aQute.lib.osgi.Analyzer.calcManifest(Analyzer.java:292)
	at aQute.lib.osgi.Builder.build(Builder.java:68)
	at org.apache.felix.bundleplugin.BundlePlugin.buildOSGiBundle(BundlePlugin.java:375)
	at org.apache.felix.bundleplugin.ManifestPlugin.execute(ManifestPlugin.java:60)
	at org.apache.felix.bundleplugin.BundlePlugin.execute(BundlePlugin.java:224)
	at org.apache.felix.bundleplugin.BundlePlugin.execute(BundlePlugin.java:215)
	at org.apache.maven.plugin.DefaultBuildPluginManager.executeMojo(DefaultBuildPluginManager.java:126)
	at org.apache.maven.lifecycle.internal.MojoExecutor.doExecute2(MojoExecutor.java:328)
	at org.apache.maven.lifecycle.internal.MojoExecutor.doExecute(MojoExecutor.java:316)
	at org.apache.maven.lifecycle.internal.MojoExecutor.execute(MojoExecutor.java:212)
	at org.apache.maven.lifecycle.internal.MojoExecutor.execute(MojoExecutor.java:174)
	at org.apache.maven.lifecycle.internal.MojoExecutor.access$000(MojoExecutor.java:75)
	at org.apache.maven.lifecycle.internal.MojoExecutor$1.run(MojoExecutor.java:162)
	at org.apache.maven.plugin.DefaultMojosExecutionStrategy.execute(DefaultMojosExecutionStrategy.java:39)
	at org.apache.maven.lifecycle.internal.MojoExecutor.execute(MojoExecutor.java:159)
	at org.apache.maven.lifecycle.internal.LifecycleModuleBuilder.buildProject(LifecycleModuleBuilder.java:105)
	at org.apache.maven.lifecycle.internal.LifecycleModuleBuilder.buildProject(LifecycleModuleBuilder.java:73)
	at org.apache.maven.lifecycle.internal.builder.singlethreaded.SingleThreadedBuilder.build(SingleThreadedBuilder.java:53)
	at org.apache.maven.lifecycle.internal.LifecycleStarter.execute(LifecycleStarter.java:118)
	at org.apache.maven.DefaultMaven.doExecute(DefaultMaven.java:261)
	at org.apache.maven.DefaultMaven.doExecute(DefaultMaven.java:173)
	at org.apache.maven.DefaultMaven.execute(DefaultMaven.java:101)
	at org.apache.maven.cli.MavenCli.execute(MavenCli.java:919)
	at org.apache.maven.cli.MavenCli.doMain(MavenCli.java:285)
	at org.apache.maven.cli.MavenCli.main(MavenCli.java:207)
	at java.base/jdk.internal.reflect.DirectMethodHandleAccessor.invoke(DirectMethodHandleAccessor.java:104)
	at java.base/java.lang.reflect.Method.invoke(Method.java:565)
	at org.codehaus.plexus.classworlds.launcher.Launcher.launchEnhanced(Launcher.java:255)
	at org.codehaus.plexus.classworlds.launcher.Launcher.launch(Launcher.java:201)
	at org.codehaus.plexus.classworlds.launcher.Launcher.mainWithExitCode(Launcher.java:361)
	at org.codehaus.plexus.classworlds.launcher.Launcher.main(Launcher.java:314)
java.lang.ArrayIndexOutOfBoundsException: Index 18 out of bounds for length 13
	at aQute.lib.osgi.Clazz.parseClassFile(Clazz.java:412)
	at aQute.lib.osgi.Clazz.parseClassFile(Clazz.java:333)
	at aQute.lib.osgi.Clazz.parseClassFileWithCollector(Clazz.java:323)
	at aQute.lib.osgi.Clazz.parseClassFile(Clazz.java:313)
	at aQute.lib.osgi.Analyzer.analyzeJar(Analyzer.java:1646)
	at aQute.lib.osgi.Analyzer.analyzeBundleClasspath(Analyzer.java:1534)
	at aQute.lib.osgi.Analyzer.analyze(Analyzer.java:115)
	at aQute.lib.osgi.Builder.analyze(Builder.java:296)
	at aQute.lib.osgi.Analyzer.calcManifest(Analyzer.java:292)
	at aQute.lib.osgi.Builder.build(Builder.java:68)
	at org.apache.felix.bundleplugin.BundlePlugin.buildOSGiBundle(BundlePlugin.java:375)
	at org.apache.felix.bundleplugin.ManifestPlugin.execute(ManifestPlugin.java:60)
	at org.apache.felix.bundleplugin.BundlePlugin.execute(BundlePlugin.java:224)
	at org.apache.felix.bundleplugin.BundlePlugin.execute(BundlePlugin.java:215)
	at org.apache.maven.plugin.DefaultBuildPluginManager.executeMojo(DefaultBuildPluginManager.java:126)
	at org.apache.maven.lifecycle.internal.MojoExecutor.doExecute2(MojoExecutor.java:328)
	at org.apache.maven.lifecycle.internal.MojoExecutor.doExecute(MojoExecutor.java:316)
	at org.apache.maven.lifecycle.internal.MojoExecutor.execute(MojoExecutor.java:212)
	at org.apache.maven.lifecycle.internal.MojoExecutor.execute(MojoExecutor.java:174)
	at org.apache.maven.lifecycle.internal.MojoExecutor.access$000(MojoExecutor.java:75)
	at org.apache.maven.lifecycle.internal.MojoExecutor$1.run(MojoExecutor.java:162)
	at org.apache.maven.plugin.DefaultMojosExecutionStrategy.execute(DefaultMojosExecutionStrategy.java:39)
	at org.apache.maven.lifecycle.internal.MojoExecutor.execute(MojoExecutor.java:159)
	at org.apache.maven.lifecycle.internal.LifecycleModuleBuilder.buildProject(LifecycleModuleBuilder.java:105)
	at org.apache.maven.lifecycle.internal.LifecycleModuleBuilder.buildProject(LifecycleModuleBuilder.java:73)
	at org.apache.maven.lifecycle.internal.builder.singlethreaded.SingleThreadedBuilder.build(SingleThreadedBuilder.java:53)
	at org.apache.maven.lifecycle.internal.LifecycleStarter.execute(LifecycleStarter.java:118)
	at org.apache.maven.DefaultMaven.doExecute(DefaultMaven.java:261)
	at org.apache.maven.DefaultMaven.doExecute(DefaultMaven.java:173)
	at org.apache.maven.DefaultMaven.execute(DefaultMaven.java:101)
	at org.apache.maven.cli.MavenCli.execute(MavenCli.java:919)
	at org.apache.maven.cli.MavenCli.doMain(MavenCli.java:285)
	at org.apache.maven.cli.MavenCli.main(MavenCli.java:207)
	at java.base/jdk.internal.reflect.DirectMethodHandleAccessor.invoke(DirectMethodHandleAccessor.java:104)
	at java.base/java.lang.reflect.Method.invoke(Method.java:565)
	at org.codehaus.plexus.classworlds.launcher.Launcher.launchEnhanced(Launcher.java:255)
	at org.codehaus.plexus.classworlds.launcher.Launcher.launch(Launcher.java:201)
	at org.codehaus.plexus.classworlds.launcher.Launcher.mainWithExitCode(Launcher.java:361)
	at org.codehaus.plexus.classworlds.launcher.Launcher.main(Launcher.java:314)
java.lang.ArrayIndexOutOfBoundsException: Index 18 out of bounds for length 13
	at aQute.lib.osgi.Clazz.parseClassFile(Clazz.java:412)
	at aQute.lib.osgi.Clazz.parseClassFile(Clazz.java:333)
	at aQute.lib.osgi.Clazz.parseClassFileWithCollector(Clazz.java:323)
	at aQute.lib.osgi.Clazz.parseClassFile(Clazz.java:313)
	at aQute.lib.osgi.Analyzer.analyzeJar(Analyzer.java:1646)
	at aQute.lib.osgi.Analyzer.analyzeBundleClasspath(Analyzer.java:1534)
	at aQute.lib.osgi.Analyzer.analyze(Analyzer.java:115)
	at aQute.lib.osgi.Builder.analyze(Builder.java:296)
	at aQute.lib.osgi.Analyzer.calcManifest(Analyzer.java:292)
	at aQute.lib.osgi.Builder.build(Builder.java:68)
	at org.apache.felix.bundleplugin.BundlePlugin.buildOSGiBundle(BundlePlugin.java:375)
	at org.apache.felix.bundleplugin.ManifestPlugin.execute(ManifestPlugin.java:60)
	at org.apache.felix.bundleplugin.BundlePlugin.execute(BundlePlugin.java:224)
	at org.apache.felix.bundleplugin.BundlePlugin.execute(BundlePlugin.java:215)
	at org.apache.maven.plugin.DefaultBuildPluginManager.executeMojo(DefaultBuildPluginManager.java:126)
	at org.apache.maven.lifecycle.internal.MojoExecutor.doExecute2(MojoExecutor.java:328)
	at org.apache.maven.lifecycle.internal.MojoExecutor.doExecute(MojoExecutor.java:316)
	at org.apache.maven.lifecycle.internal.MojoExecutor.execute(MojoExecutor.java:212)
	at org.apache.maven.lifecycle.internal.MojoExecutor.execute(MojoExecutor.java:174)
	at org.apache.maven.lifecycle.internal.MojoExecutor.access$000(MojoExecutor.java:75)
	at org.apache.maven.lifecycle.internal.MojoExecutor$1.run(MojoExecutor.java:162)
	at org.apache.maven.plugin.DefaultMojosExecutionStrategy.execute(DefaultMojosExecutionStrategy.java:39)
	at org.apache.maven.lifecycle.internal.MojoExecutor.execute(MojoExecutor.java:159)
	at org.apache.maven.lifecycle.internal.LifecycleModuleBuilder.buildProject(LifecycleModuleBuilder.java:105)
	at org.apache.maven.lifecycle.internal.LifecycleModuleBuilder.buildProject(LifecycleModuleBuilder.java:73)
	at org.apache.maven.lifecycle.internal.builder.singlethreaded.SingleThreadedBuilder.build(SingleThreadedBuilder.java:53)
	at org.apache.maven.lifecycle.internal.LifecycleStarter.execute(LifecycleStarter.java:118)
	at org.apache.maven.DefaultMaven.doExecute(DefaultMaven.java:261)
	at org.apache.maven.DefaultMaven.doExecute(DefaultMaven.java:173)
	at org.apache.maven.DefaultMaven.execute(DefaultMaven.java:101)
	at org.apache.maven.cli.MavenCli.execute(MavenCli.java:919)
	at org.apache.maven.cli.MavenCli.doMain(MavenCli.java:285)
	at org.apache.maven.cli.MavenCli.main(MavenCli.java:207)
	at java.base/jdk.internal.reflect.DirectMethodHandleAccessor.invoke(DirectMethodHandleAccessor.java:104)
	at java.base/java.lang.reflect.Method.invoke(Method.java:565)
	at org.codehaus.plexus.classworlds.launcher.Launcher.launchEnhanced(Launcher.java:255)
	at org.codehaus.plexus.classworlds.launcher.Launcher.launch(Launcher.java:201)
	at org.codehaus.plexus.classworlds.launcher.Launcher.mainWithExitCode(Launcher.java:361)
	at org.codehaus.plexus.classworlds.launcher.Launcher.main(Launcher.java:314)
java.lang.ArrayIndexOutOfBoundsException: Index 18 out of bounds for length 13
	at aQute.lib.osgi.Clazz.parseClassFile(Clazz.java:412)
	at aQute.lib.osgi.Clazz.parseClassFile(Clazz.java:333)
	at aQute.lib.osgi.Clazz.parseClassFileWithCollector(Clazz.java:323)
	at aQute.lib.osgi.Clazz.parseClassFile(Clazz.java:313)
	at aQute.lib.osgi.Analyzer.analyzeJar(Analyzer.java:1646)
	at aQute.lib.osgi.Analyzer.analyzeBundleClasspath(Analyzer.java:1534)
	at aQute.lib.osgi.Analyzer.analyze(Analyzer.java:115)
	at aQute.lib.osgi.Builder.analyze(Builder.java:296)
	at aQute.lib.osgi.Analyzer.calcManifest(Analyzer.java:292)
	at aQute.lib.osgi.Builder.build(Builder.java:68)
	at org.apache.felix.bundleplugin.BundlePlugin.buildOSGiBundle(BundlePlugin.java:375)
	at org.apache.felix.bundleplugin.ManifestPlugin.execute(ManifestPlugin.java:60)
	at org.apache.felix.bundleplugin.BundlePlugin.execute(BundlePlugin.java:224)
	at org.apache.felix.bundleplugin.BundlePlugin.execute(BundlePlugin.java:215)
	at org.apache.maven.plugin.DefaultBuildPluginManager.executeMojo(DefaultBuildPluginManager.java:126)
	at org.apache.maven.lifecycle.internal.MojoExecutor.doExecute2(MojoExecutor.java:328)
	at org.apache.maven.lifecycle.internal.MojoExecutor.doExecute(MojoExecutor.java:316)
	at org.apache.maven.lifecycle.internal.MojoExecutor.execute(MojoExecutor.java:212)
	at org.apache.maven.lifecycle.internal.MojoExecutor.execute(MojoExecutor.java:174)
	at org.apache.maven.lifecycle.internal.MojoExecutor.access$000(MojoExecutor.java:75)
	at org.apache.maven.lifecycle.internal.MojoExecutor$1.run(MojoExecutor.java:162)
	at org.apache.maven.plugin.DefaultMojosExecutionStrategy.execute(DefaultMojosExecutionStrategy.java:39)
	at org.apache.maven.lifecycle.internal.MojoExecutor.execute(MojoExecutor.java:159)
	at org.apache.maven.lifecycle.internal.LifecycleModuleBuilder.buildProject(LifecycleModuleBuilder.java:105)
	at org.apache.maven.lifecycle.internal.LifecycleModuleBuilder.buildProject(LifecycleModuleBuilder.java:73)
	at org.apache.maven.lifecycle.internal.builder.singlethreaded.SingleThreadedBuilder.build(SingleThreadedBuilder.java:53)
	at org.apache.maven.lifecycle.internal.LifecycleStarter.execute(LifecycleStarter.java:118)
	at org.apache.maven.DefaultMaven.doExecute(DefaultMaven.java:261)
	at org.apache.maven.DefaultMaven.doExecute(DefaultMaven.java:173)
	at org.apache.maven.DefaultMaven.execute(DefaultMaven.java:101)
	at org.apache.maven.cli.MavenCli.execute(MavenCli.java:919)
	at org.apache.maven.cli.MavenCli.doMain(MavenCli.java:285)
	at org.apache.maven.cli.MavenCli.main(MavenCli.java:207)
	at java.base/jdk.internal.reflect.DirectMethodHandleAccessor.invoke(DirectMethodHandleAccessor.java:104)
	at java.base/java.lang.reflect.Method.invoke(Method.java:565)
	at org.codehaus.plexus.classworlds.launcher.Launcher.launchEnhanced(Launcher.java:255)
	at org.codehaus.plexus.classworlds.launcher.Launcher.launch(Launcher.java:201)
	at org.codehaus.plexus.classworlds.launcher.Launcher.mainWithExitCode(Launcher.java:361)
	at org.codehaus.plexus.classworlds.launcher.Launcher.main(Launcher.java:314)
java.lang.ArrayIndexOutOfBoundsException: Index 18 out of bounds for length 13
	at aQute.lib.osgi.Clazz.parseClassFile(Clazz.java:412)
	at aQute.lib.osgi.Clazz.parseClassFile(Clazz.java:333)
	at aQute.lib.osgi.Clazz.parseClassFileWithCollector(Clazz.java:323)
	at aQute.lib.osgi.Clazz.parseClassFile(Clazz.java:313)
	at aQute.lib.osgi.Analyzer.analyzeJar(Analyzer.java:1646)
	at aQute.lib.osgi.Analyzer.analyzeBundleClasspath(Analyzer.java:1534)
	at aQute.lib.osgi.Analyzer.analyze(Analyzer.java:115)
	at aQute.lib.osgi.Builder.analyze(Builder.java:296)
	at aQute.lib.osgi.Analyzer.calcManifest(Analyzer.java:292)
	at aQute.lib.osgi.Builder.build(Builder.java:68)
	at org.apache.felix.bundleplugin.BundlePlugin.buildOSGiBundle(BundlePlugin.java:375)
	at org.apache.felix.bundleplugin.ManifestPlugin.execute(ManifestPlugin.java:60)
	at org.apache.felix.bundleplugin.BundlePlugin.execute(BundlePlugin.java:224)
	at org.apache.felix.bundleplugin.BundlePlugin.execute(BundlePlugin.java:215)
	at org.apache.maven.plugin.DefaultBuildPluginManager.executeMojo(DefaultBuildPluginManager.java:126)
	at org.apache.maven.lifecycle.internal.MojoExecutor.doExecute2(MojoExecutor.java:328)
	at org.apache.maven.lifecycle.internal.MojoExecutor.doExecute(MojoExecutor.java:316)
	at org.apache.maven.lifecycle.internal.MojoExecutor.execute(MojoExecutor.java:212)
	at org.apache.maven.lifecycle.internal.MojoExecutor.execute(MojoExecutor.java:174)
	at org.apache.maven.lifecycle.internal.MojoExecutor.access$000(MojoExecutor.java:75)
	at org.apache.maven.lifecycle.internal.MojoExecutor$1.run(MojoExecutor.java:162)
	at org.apache.maven.plugin.DefaultMojosExecutionStrategy.execute(DefaultMojosExecutionStrategy.java:39)
	at org.apache.maven.lifecycle.internal.MojoExecutor.execute(MojoExecutor.java:159)
	at org.apache.maven.lifecycle.internal.LifecycleModuleBuilder.buildProject(LifecycleModuleBuilder.java:105)
	at org.apache.maven.lifecycle.internal.LifecycleModuleBuilder.buildProject(LifecycleModuleBuilder.java:73)
	at org.apache.maven.lifecycle.internal.builder.singlethreaded.SingleThreadedBuilder.build(SingleThreadedBuilder.java:53)
	at org.apache.maven.lifecycle.internal.LifecycleStarter.execute(LifecycleStarter.java:118)
	at org.apache.maven.DefaultMaven.doExecute(DefaultMaven.java:261)
	at org.apache.maven.DefaultMaven.doExecute(DefaultMaven.java:173)
	at org.apache.maven.DefaultMaven.execute(DefaultMaven.java:101)
	at org.apache.maven.cli.MavenCli.execute(MavenCli.java:919)
	at org.apache.maven.cli.MavenCli.doMain(MavenCli.java:285)
	at org.apache.maven.cli.MavenCli.main(MavenCli.java:207)
	at java.base/jdk.internal.reflect.DirectMethodHandleAccessor.invoke(DirectMethodHandleAccessor.java:104)
	at java.base/java.lang.reflect.Method.invoke(Method.java:565)
	at org.codehaus.plexus.classworlds.launcher.Launcher.launchEnhanced(Launcher.java:255)
	at org.codehaus.plexus.classworlds.launcher.Launcher.launch(Launcher.java:201)
	at org.codehaus.plexus.classworlds.launcher.Launcher.mainWithExitCode(Launcher.java:361)
	at org.codehaus.plexus.classworlds.launcher.Launcher.main(Launcher.java:314)
java.lang.ArrayIndexOutOfBoundsException: Index 18 out of bounds for length 13
	at aQute.lib.osgi.Clazz.parseClassFile(Clazz.java:412)
	at aQute.lib.osgi.Clazz.parseClassFile(Clazz.java:333)
	at aQute.lib.osgi.Clazz.parseClassFileWithCollector(Clazz.java:323)
	at aQute.lib.osgi.Clazz.parseClassFile(Clazz.java:313)
	at aQute.lib.osgi.Analyzer.analyzeJar(Analyzer.java:1646)
	at aQute.lib.osgi.Analyzer.analyzeBundleClasspath(Analyzer.java:1534)
	at aQute.lib.osgi.Analyzer.analyze(Analyzer.java:115)
	at aQute.lib.osgi.Builder.analyze(Builder.java:296)
	at aQute.lib.osgi.Analyzer.calcManifest(Analyzer.java:292)
	at aQute.lib.osgi.Builder.build(Builder.java:68)
	at org.apache.felix.bundleplugin.BundlePlugin.buildOSGiBundle(BundlePlugin.java:375)
	at org.apache.felix.bundleplugin.ManifestPlugin.execute(ManifestPlugin.java:60)
	at org.apache.felix.bundleplugin.BundlePlugin.execute(BundlePlugin.java:224)
	at org.apache.felix.bundleplugin.BundlePlugin.execute(BundlePlugin.java:215)
	at org.apache.maven.plugin.DefaultBuildPluginManager.executeMojo(DefaultBuildPluginManager.java:126)
	at org.apache.maven.lifecycle.internal.MojoExecutor.doExecute2(MojoExecutor.java:328)
	at org.apache.maven.lifecycle.internal.MojoExecutor.doExecute(MojoExecutor.java:316)
	at org.apache.maven.lifecycle.internal.MojoExecutor.execute(MojoExecutor.java:212)
	at org.apache.maven.lifecycle.internal.MojoExecutor.execute(MojoExecutor.java:174)
	at org.apache.maven.lifecycle.internal.MojoExecutor.access$000(MojoExecutor.java:75)
	at org.apache.maven.lifecycle.internal.MojoExecutor$1.run(MojoExecutor.java:162)
	at org.apache.maven.plugin.DefaultMojosExecutionStrategy.execute(DefaultMojosExecutionStrategy.java:39)
	at org.apache.maven.lifecycle.internal.MojoExecutor.execute(MojoExecutor.java:159)
	at org.apache.maven.lifecycle.internal.LifecycleModuleBuilder.buildProject(LifecycleModuleBuilder.java:105)
	at org.apache.maven.lifecycle.internal.LifecycleModuleBuilder.buildProject(LifecycleModuleBuilder.java:73)
	at org.apache.maven.lifecycle.internal.builder.singlethreaded.SingleThreadedBuilder.build(SingleThreadedBuilder.java:53)
	at org.apache.maven.lifecycle.internal.LifecycleStarter.execute(LifecycleStarter.java:118)
	at org.apache.maven.DefaultMaven.doExecute(DefaultMaven.java:261)
	at org.apache.maven.DefaultMaven.doExecute(DefaultMaven.java:173)
	at org.apache.maven.DefaultMaven.execute(DefaultMaven.java:101)
	at org.apache.maven.cli.MavenCli.execute(MavenCli.java:919)
	at org.apache.maven.cli.MavenCli.doMain(MavenCli.java:285)
	at org.apache.maven.cli.MavenCli.main(MavenCli.java:207)
	at java.base/jdk.internal.reflect.DirectMethodHandleAccessor.invoke(DirectMethodHandleAccessor.java:104)
	at java.base/java.lang.reflect.Method.invoke(Method.java:565)
	at org.codehaus.plexus.classworlds.launcher.Launcher.launchEnhanced(Launcher.java:255)
	at org.codehaus.plexus.classworlds.launcher.Launcher.launch(Launcher.java:201)
	at org.codehaus.plexus.classworlds.launcher.Launcher.mainWithExitCode(Launcher.java:361)
	at org.codehaus.plexus.classworlds.launcher.Launcher.main(Launcher.java:314)
java.lang.ArrayIndexOutOfBoundsException: Index 18 out of bounds for length 13
	at aQute.lib.osgi.Clazz.parseClassFile(Clazz.java:412)
	at aQute.lib.osgi.Clazz.parseClassFile(Clazz.java:333)
	at aQute.lib.osgi.Clazz.parseClassFileWithCollector(Clazz.java:323)
	at aQute.lib.osgi.Clazz.parseClassFile(Clazz.java:313)
	at aQute.lib.osgi.Analyzer.analyzeJar(Analyzer.java:1646)
	at aQute.lib.osgi.Analyzer.analyzeBundleClasspath(Analyzer.java:1534)
	at aQute.lib.osgi.Analyzer.analyze(Analyzer.java:115)
	at aQute.lib.osgi.Builder.analyze(Builder.java:296)
	at aQute.lib.osgi.Analyzer.calcManifest(Analyzer.java:292)
	at aQute.lib.osgi.Builder.build(Builder.java:68)
	at org.apache.felix.bundleplugin.BundlePlugin.buildOSGiBundle(BundlePlugin.java:375)
	at org.apache.felix.bundleplugin.ManifestPlugin.execute(ManifestPlugin.java:60)
	at org.apache.felix.bundleplugin.BundlePlugin.execute(BundlePlugin.java:224)
	at org.apache.felix.bundleplugin.BundlePlugin.execute(BundlePlugin.java:215)
	at org.apache.maven.plugin.DefaultBuildPluginManager.executeMojo(DefaultBuildPluginManager.java:126)
	at org.apache.maven.lifecycle.internal.MojoExecutor.doExecute2(MojoExecutor.java:328)
	at org.apache.maven.lifecycle.internal.MojoExecutor.doExecute(MojoExecutor.java:316)
	at org.apache.maven.lifecycle.internal.MojoExecutor.execute(MojoExecutor.java:212)
	at org.apache.maven.lifecycle.internal.MojoExecutor.execute(MojoExecutor.java:174)
	at org.apache.maven.lifecycle.internal.MojoExecutor.access$000(MojoExecutor.java:75)
	at org.apache.maven.lifecycle.internal.MojoExecutor$1.run(MojoExecutor.java:162)
	at org.apache.maven.plugin.DefaultMojosExecutionStrategy.execute(DefaultMojosExecutionStrategy.java:39)
	at org.apache.maven.lifecycle.internal.MojoExecutor.execute(MojoExecutor.java:159)
	at org.apache.maven.lifecycle.internal.LifecycleModuleBuilder.buildProject(LifecycleModuleBuilder.java:105)
	at org.apache.maven.lifecycle.internal.LifecycleModuleBuilder.buildProject(LifecycleModuleBuilder.java:73)
	at org.apache.maven.lifecycle.internal.builder.singlethreaded.SingleThreadedBuilder.build(SingleThreadedBuilder.java:53)
	at org.apache.maven.lifecycle.internal.LifecycleStarter.execute(LifecycleStarter.java:118)
	at org.apache.maven.DefaultMaven.doExecute(DefaultMaven.java:261)
	at org.apache.maven.DefaultMaven.doExecute(DefaultMaven.java:173)
	at org.apache.maven.DefaultMaven.execute(DefaultMaven.java:101)
	at org.apache.maven.cli.MavenCli.execute(MavenCli.java:919)
	at org.apache.maven.cli.MavenCli.doMain(MavenCli.java:285)
	at org.apache.maven.cli.MavenCli.main(MavenCli.java:207)
	at java.base/jdk.internal.reflect.DirectMethodHandleAccessor.invoke(DirectMethodHandleAccessor.java:104)
	at java.base/java.lang.reflect.Method.invoke(Method.java:565)
	at org.codehaus.plexus.classworlds.launcher.Launcher.launchEnhanced(Launcher.java:255)
	at org.codehaus.plexus.classworlds.launcher.Launcher.launch(Launcher.java:201)
	at org.codehaus.plexus.classworlds.launcher.Launcher.mainWithExitCode(Launcher.java:361)
	at org.codehaus.plexus.classworlds.launcher.Launcher.main(Launcher.java:314)
java.lang.ArrayIndexOutOfBoundsException: Index 18 out of bounds for length 13
	at aQute.lib.osgi.Clazz.parseClassFile(Clazz.java:412)
	at aQute.lib.osgi.Clazz.parseClassFile(Clazz.java:333)
	at aQute.lib.osgi.Clazz.parseClassFileWithCollector(Clazz.java:323)
	at aQute.lib.osgi.Clazz.parseClassFile(Clazz.java:313)
	at aQute.lib.osgi.Analyzer.analyzeJar(Analyzer.java:1646)
	at aQute.lib.osgi.Analyzer.analyzeBundleClasspath(Analyzer.java:1534)
	at aQute.lib.osgi.Analyzer.analyze(Analyzer.java:115)
	at aQute.lib.osgi.Builder.analyze(Builder.java:296)
	at aQute.lib.osgi.Analyzer.calcManifest(Analyzer.java:292)
	at aQute.lib.osgi.Builder.build(Builder.java:68)
	at org.apache.felix.bundleplugin.BundlePlugin.buildOSGiBundle(BundlePlugin.java:375)
	at org.apache.felix.bundleplugin.ManifestPlugin.execute(ManifestPlugin.java:60)
	at org.apache.felix.bundleplugin.BundlePlugin.execute(BundlePlugin.java:224)
	at org.apache.felix.bundleplugin.BundlePlugin.execute(BundlePlugin.java:215)
	at org.apache.maven.plugin.DefaultBuildPluginManager.executeMojo(DefaultBuildPluginManager.java:126)
	at org.apache.maven.lifecycle.internal.MojoExecutor.doExecute2(MojoExecutor.java:328)
	at org.apache.maven.lifecycle.internal.MojoExecutor.doExecute(MojoExecutor.java:316)
	at org.apache.maven.lifecycle.internal.MojoExecutor.execute(MojoExecutor.java:212)
	at org.apache.maven.lifecycle.internal.MojoExecutor.execute(MojoExecutor.java:174)
	at org.apache.maven.lifecycle.internal.MojoExecutor.access$000(MojoExecutor.java:75)
	at org.apache.maven.lifecycle.internal.MojoExecutor$1.run(MojoExecutor.java:162)
	at org.apache.maven.plugin.DefaultMojosExecutionStrategy.execute(DefaultMojosExecutionStrategy.java:39)
	at org.apache.maven.lifecycle.internal.MojoExecutor.execute(MojoExecutor.java:159)
	at org.apache.maven.lifecycle.internal.LifecycleModuleBuilder.buildProject(LifecycleModuleBuilder.java:105)
	at org.apache.maven.lifecycle.internal.LifecycleModuleBuilder.buildProject(LifecycleModuleBuilder.java:73)
	at org.apache.maven.lifecycle.internal.builder.singlethreaded.SingleThreadedBuilder.build(SingleThreadedBuilder.java:53)
	at org.apache.maven.lifecycle.internal.LifecycleStarter.execute(LifecycleStarter.java:118)
	at org.apache.maven.DefaultMaven.doExecute(DefaultMaven.java:261)
	at org.apache.maven.DefaultMaven.doExecute(DefaultMaven.java:173)
	at org.apache.maven.DefaultMaven.execute(DefaultMaven.java:101)
	at org.apache.maven.cli.MavenCli.execute(MavenCli.java:919)
	at org.apache.maven.cli.MavenCli.doMain(MavenCli.java:285)
	at org.apache.maven.cli.MavenCli.main(MavenCli.java:207)
	at java.base/jdk.internal.reflect.DirectMethodHandleAccessor.invoke(DirectMethodHandleAccessor.java:104)
	at java.base/java.lang.reflect.Method.invoke(Method.java:565)
	at org.codehaus.plexus.classworlds.launcher.Launcher.launchEnhanced(Launcher.java:255)
	at org.codehaus.plexus.classworlds.launcher.Launcher.launch(Launcher.java:201)
	at org.codehaus.plexus.classworlds.launcher.Launcher.mainWithExitCode(Launcher.java:361)
	at org.codehaus.plexus.classworlds.launcher.Launcher.main(Launcher.java:314)
java.lang.ArrayIndexOutOfBoundsException: Index 18 out of bounds for length 13
	at aQute.lib.osgi.Clazz.parseClassFile(Clazz.java:412)
	at aQute.lib.osgi.Clazz.parseClassFile(Clazz.java:333)
	at aQute.lib.osgi.Clazz.parseClassFileWithCollector(Clazz.java:323)
	at aQute.lib.osgi.Clazz.parseClassFile(Clazz.java:313)
	at aQute.lib.osgi.Analyzer.analyzeJar(Analyzer.java:1646)
	at aQute.lib.osgi.Analyzer.analyzeBundleClasspath(Analyzer.java:1534)
	at aQute.lib.osgi.Analyzer.analyze(Analyzer.java:115)
	at aQute.lib.osgi.Builder.analyze(Builder.java:296)
	at aQute.lib.osgi.Analyzer.calcManifest(Analyzer.java:292)
	at aQute.lib.osgi.Builder.build(Builder.java:68)
	at org.apache.felix.bundleplugin.BundlePlugin.buildOSGiBundle(BundlePlugin.java:375)
	at org.apache.felix.bundleplugin.ManifestPlugin.execute(ManifestPlugin.java:60)
	at org.apache.felix.bundleplugin.BundlePlugin.execute(BundlePlugin.java:224)
	at org.apache.felix.bundleplugin.BundlePlugin.execute(BundlePlugin.java:215)
	at org.apache.maven.plugin.DefaultBuildPluginManager.executeMojo(DefaultBuildPluginManager.java:126)
	at org.apache.maven.lifecycle.internal.MojoExecutor.doExecute2(MojoExecutor.java:328)
	at org.apache.maven.lifecycle.internal.MojoExecutor.doExecute(MojoExecutor.java:316)
	at org.apache.maven.lifecycle.internal.MojoExecutor.execute(MojoExecutor.java:212)
	at org.apache.maven.lifecycle.internal.MojoExecutor.execute(MojoExecutor.java:174)
	at org.apache.maven.lifecycle.internal.MojoExecutor.access$000(MojoExecutor.java:75)
	at org.apache.maven.lifecycle.internal.MojoExecutor$1.run(MojoExecutor.java:162)
	at org.apache.maven.plugin.DefaultMojosExecutionStrategy.execute(DefaultMojosExecutionStrategy.java:39)
	at org.apache.maven.lifecycle.internal.MojoExecutor.execute(MojoExecutor.java:159)
	at org.apache.maven.lifecycle.internal.LifecycleModuleBuilder.buildProject(LifecycleModuleBuilder.java:105)
	at org.apache.maven.lifecycle.internal.LifecycleModuleBuilder.buildProject(LifecycleModuleBuilder.java:73)
	at org.apache.maven.lifecycle.internal.builder.singlethreaded.SingleThreadedBuilder.build(SingleThreadedBuilder.java:53)
	at org.apache.maven.lifecycle.internal.LifecycleStarter.execute(LifecycleStarter.java:118)
	at org.apache.maven.DefaultMaven.doExecute(DefaultMaven.java:261)
	at org.apache.maven.DefaultMaven.doExecute(DefaultMaven.java:173)
	at org.apache.maven.DefaultMaven.execute(DefaultMaven.java:101)
	at org.apache.maven.cli.MavenCli.execute(MavenCli.java:919)
	at org.apache.maven.cli.MavenCli.doMain(MavenCli.java:285)
	at org.apache.maven.cli.MavenCli.main(MavenCli.java:207)
	at java.base/jdk.internal.reflect.DirectMethodHandleAccessor.invoke(DirectMethodHandleAccessor.java:104)
	at java.base/java.lang.reflect.Method.invoke(Method.java:565)
	at org.codehaus.plexus.classworlds.launcher.Launcher.launchEnhanced(Launcher.java:255)
	at org.codehaus.plexus.classworlds.launcher.Launcher.launch(Launcher.java:201)
	at org.codehaus.plexus.classworlds.launcher.Launcher.mainWithExitCode(Launcher.java:361)
	at org.codehaus.plexus.classworlds.launcher.Launcher.main(Launcher.java:314)
java.lang.ArrayIndexOutOfBoundsException: Index 18 out of bounds for length 13
	at aQute.lib.osgi.Clazz.parseClassFile(Clazz.java:412)
	at aQute.lib.osgi.Clazz.parseClassFile(Clazz.java:333)
	at aQute.lib.osgi.Clazz.parseClassFileWithCollector(Clazz.java:323)
	at aQute.lib.osgi.Clazz.parseClassFile(Clazz.java:313)
	at aQute.lib.osgi.Analyzer.analyzeJar(Analyzer.java:1646)
	at aQute.lib.osgi.Analyzer.analyzeBundleClasspath(Analyzer.java:1534)
	at aQute.lib.osgi.Analyzer.analyze(Analyzer.java:115)
	at aQute.lib.osgi.Builder.analyze(Builder.java:296)
	at aQute.lib.osgi.Analyzer.calcManifest(Analyzer.java:292)
	at aQute.lib.osgi.Builder.build(Builder.java:68)
	at org.apache.felix.bundleplugin.BundlePlugin.buildOSGiBundle(BundlePlugin.java:375)
	at org.apache.felix.bundleplugin.ManifestPlugin.execute(ManifestPlugin.java:60)
	at org.apache.felix.bundleplugin.BundlePlugin.execute(BundlePlugin.java:224)
	at org.apache.felix.bundleplugin.BundlePlugin.execute(BundlePlugin.java:215)
	at org.apache.maven.plugin.DefaultBuildPluginManager.executeMojo(DefaultBuildPluginManager.java:126)
	at org.apache.maven.lifecycle.internal.MojoExecutor.doExecute2(MojoExecutor.java:328)
	at org.apache.maven.lifecycle.internal.MojoExecutor.doExecute(MojoExecutor.java:316)
	at org.apache.maven.lifecycle.internal.MojoExecutor.execute(MojoExecutor.java:212)
	at org.apache.maven.lifecycle.internal.MojoExecutor.execute(MojoExecutor.java:174)
	at org.apache.maven.lifecycle.internal.MojoExecutor.access$000(MojoExecutor.java:75)
	at org.apache.maven.lifecycle.internal.MojoExecutor$1.run(MojoExecutor.java:162)
	at org.apache.maven.plugin.DefaultMojosExecutionStrategy.execute(DefaultMojosExecutionStrategy.java:39)
	at org.apache.maven.lifecycle.internal.MojoExecutor.execute(MojoExecutor.java:159)
	at org.apache.maven.lifecycle.internal.LifecycleModuleBuilder.buildProject(LifecycleModuleBuilder.java:105)
	at org.apache.maven.lifecycle.internal.LifecycleModuleBuilder.buildProject(LifecycleModuleBuilder.java:73)
	at org.apache.maven.lifecycle.internal.builder.singlethreaded.SingleThreadedBuilder.build(SingleThreadedBuilder.java:53)
	at org.apache.maven.lifecycle.internal.LifecycleStarter.execute(LifecycleStarter.java:118)
	at org.apache.maven.DefaultMaven.doExecute(DefaultMaven.java:261)
	at org.apache.maven.DefaultMaven.doExecute(DefaultMaven.java:173)
	at org.apache.maven.DefaultMaven.execute(DefaultMaven.java:101)
	at org.apache.maven.cli.MavenCli.execute(MavenCli.java:919)
	at org.apache.maven.cli.MavenCli.doMain(MavenCli.java:285)
	at org.apache.maven.cli.MavenCli.main(MavenCli.java:207)
	at java.base/jdk.internal.reflect.DirectMethodHandleAccessor.invoke(DirectMethodHandleAccessor.java:104)
	at java.base/java.lang.reflect.Method.invoke(Method.java:565)
	at org.codehaus.plexus.classworlds.launcher.Launcher.launchEnhanced(Launcher.java:255)
	at org.codehaus.plexus.classworlds.launcher.Launcher.launch(Launcher.java:201)
	at org.codehaus.plexus.classworlds.launcher.Launcher.mainWithExitCode(Launcher.java:361)
	at org.codehaus.plexus.classworlds.launcher.Launcher.main(Launcher.java:314)
java.lang.ArrayIndexOutOfBoundsException: Index 18 out of bounds for length 13
	at aQute.lib.osgi.Clazz.parseClassFile(Clazz.java:412)
	at aQute.lib.osgi.Clazz.parseClassFile(Clazz.java:333)
	at aQute.lib.osgi.Clazz.parseClassFileWithCollector(Clazz.java:323)
	at aQute.lib.osgi.Clazz.parseClassFile(Clazz.java:313)
	at aQute.lib.osgi.Analyzer.analyzeJar(Analyzer.java:1646)
	at aQute.lib.osgi.Analyzer.analyzeBundleClasspath(Analyzer.java:1534)
	at aQute.lib.osgi.Analyzer.analyze(Analyzer.java:115)
	at aQute.lib.osgi.Builder.analyze(Builder.java:296)
	at aQute.lib.osgi.Analyzer.calcManifest(Analyzer.java:292)
	at aQute.lib.osgi.Builder.build(Builder.java:68)
	at org.apache.felix.bundleplugin.BundlePlugin.buildOSGiBundle(BundlePlugin.java:375)
	at org.apache.felix.bundleplugin.ManifestPlugin.execute(ManifestPlugin.java:60)
	at org.apache.felix.bundleplugin.BundlePlugin.execute(BundlePlugin.java:224)
	at org.apache.felix.bundleplugin.BundlePlugin.execute(BundlePlugin.java:215)
	at org.apache.maven.plugin.DefaultBuildPluginManager.executeMojo(DefaultBuildPluginManager.java:126)
	at org.apache.maven.lifecycle.internal.MojoExecutor.doExecute2(MojoExecutor.java:328)
	at org.apache.maven.lifecycle.internal.MojoExecutor.doExecute(MojoExecutor.java:316)
	at org.apache.maven.lifecycle.internal.MojoExecutor.execute(MojoExecutor.java:212)
	at org.apache.maven.lifecycle.internal.MojoExecutor.execute(MojoExecutor.java:174)
	at org.apache.maven.lifecycle.internal.MojoExecutor.access$000(MojoExecutor.java:75)
	at org.apache.maven.lifecycle.internal.MojoExecutor$1.run(MojoExecutor.java:162)
	at org.apache.maven.plugin.DefaultMojosExecutionStrategy.execute(DefaultMojosExecutionStrategy.java:39)
	at org.apache.maven.lifecycle.internal.MojoExecutor.execute(MojoExecutor.java:159)
	at org.apache.maven.lifecycle.internal.LifecycleModuleBuilder.buildProject(LifecycleModuleBuilder.java:105)
	at org.apache.maven.lifecycle.internal.LifecycleModuleBuilder.buildProject(LifecycleModuleBuilder.java:73)
	at org.apache.maven.lifecycle.internal.builder.singlethreaded.SingleThreadedBuilder.build(SingleThreadedBuilder.java:53)
	at org.apache.maven.lifecycle.internal.LifecycleStarter.execute(LifecycleStarter.java:118)
	at org.apache.maven.DefaultMaven.doExecute(DefaultMaven.java:261)
	at org.apache.maven.DefaultMaven.doExecute(DefaultMaven.java:173)
	at org.apache.maven.DefaultMaven.execute(DefaultMaven.java:101)
	at org.apache.maven.cli.MavenCli.execute(MavenCli.java:919)
	at org.apache.maven.cli.MavenCli.doMain(MavenCli.java:285)
	at org.apache.maven.cli.MavenCli.main(MavenCli.java:207)
	at java.base/jdk.internal.reflect.DirectMethodHandleAccessor.invoke(DirectMethodHandleAccessor.java:104)
	at java.base/java.lang.reflect.Method.invoke(Method.java:565)
	at org.codehaus.plexus.classworlds.launcher.Launcher.launchEnhanced(Launcher.java:255)
	at org.codehaus.plexus.classworlds.launcher.Launcher.launch(Launcher.java:201)
	at org.codehaus.plexus.classworlds.launcher.Launcher.mainWithExitCode(Launcher.java:361)
	at org.codehaus.plexus.classworlds.launcher.Launcher.main(Launcher.java:314)
java.lang.ArrayIndexOutOfBoundsException: Index 18 out of bounds for length 13
	at aQute.lib.osgi.Clazz.parseClassFile(Clazz.java:412)
	at aQute.lib.osgi.Clazz.parseClassFile(Clazz.java:333)
	at aQute.lib.osgi.Clazz.parseClassFileWithCollector(Clazz.java:323)
	at aQute.lib.osgi.Clazz.parseClassFile(Clazz.java:313)
	at aQute.lib.osgi.Analyzer.analyzeJar(Analyzer.java:1646)
	at aQute.lib.osgi.Analyzer.analyzeBundleClasspath(Analyzer.java:1534)
	at aQute.lib.osgi.Analyzer.analyze(Analyzer.java:115)
	at aQute.lib.osgi.Builder.analyze(Builder.java:296)
	at aQute.lib.osgi.Analyzer.calcManifest(Analyzer.java:292)
	at aQute.lib.osgi.Builder.build(Builder.java:68)
	at org.apache.felix.bundleplugin.BundlePlugin.buildOSGiBundle(BundlePlugin.java:375)
	at org.apache.felix.bundleplugin.ManifestPlugin.execute(ManifestPlugin.java:60)
	at org.apache.felix.bundleplugin.BundlePlugin.execute(BundlePlugin.java:224)
	at org.apache.felix.bundleplugin.BundlePlugin.execute(BundlePlugin.java:215)
	at org.apache.maven.plugin.DefaultBuildPluginManager.executeMojo(DefaultBuildPluginManager.java:126)
	at org.apache.maven.lifecycle.internal.MojoExecutor.doExecute2(MojoExecutor.java:328)
	at org.apache.maven.lifecycle.internal.MojoExecutor.doExecute(MojoExecutor.java:316)
	at org.apache.maven.lifecycle.internal.MojoExecutor.execute(MojoExecutor.java:212)
	at org.apache.maven.lifecycle.internal.MojoExecutor.execute(MojoExecutor.java:174)
	at org.apache.maven.lifecycle.internal.MojoExecutor.access$000(MojoExecutor.java:75)
	at org.apache.maven.lifecycle.internal.MojoExecutor$1.run(MojoExecutor.java:162)
	at org.apache.maven.plugin.DefaultMojosExecutionStrategy.execute(DefaultMojosExecutionStrategy.java:39)
	at org.apache.maven.lifecycle.internal.MojoExecutor.execute(MojoExecutor.java:159)
	at org.apache.maven.lifecycle.internal.LifecycleModuleBuilder.buildProject(LifecycleModuleBuilder.java:105)
	at org.apache.maven.lifecycle.internal.LifecycleModuleBuilder.buildProject(LifecycleModuleBuilder.java:73)
	at org.apache.maven.lifecycle.internal.builder.singlethreaded.SingleThreadedBuilder.build(SingleThreadedBuilder.java:53)
	at org.apache.maven.lifecycle.internal.LifecycleStarter.execute(LifecycleStarter.java:118)
	at org.apache.maven.DefaultMaven.doExecute(DefaultMaven.java:261)
	at org.apache.maven.DefaultMaven.doExecute(DefaultMaven.java:173)
	at org.apache.maven.DefaultMaven.execute(DefaultMaven.java:101)
	at org.apache.maven.cli.MavenCli.execute(MavenCli.java:919)
	at org.apache.maven.cli.MavenCli.doMain(MavenCli.java:285)
	at org.apache.maven.cli.MavenCli.main(MavenCli.java:207)
	at java.base/jdk.internal.reflect.DirectMethodHandleAccessor.invoke(DirectMethodHandleAccessor.java:104)
	at java.base/java.lang.reflect.Method.invoke(Method.java:565)
	at org.codehaus.plexus.classworlds.launcher.Launcher.launchEnhanced(Launcher.java:255)
	at org.codehaus.plexus.classworlds.launcher.Launcher.launch(Launcher.java:201)
	at org.codehaus.plexus.classworlds.launcher.Launcher.mainWithExitCode(Launcher.java:361)
	at org.codehaus.plexus.classworlds.launcher.Launcher.main(Launcher.java:314)
java.lang.ArrayIndexOutOfBoundsException: Index 18 out of bounds for length 13
	at aQute.lib.osgi.Clazz.parseClassFile(Clazz.java:412)
	at aQute.lib.osgi.Clazz.parseClassFile(Clazz.java:333)
	at aQute.lib.osgi.Clazz.parseClassFileWithCollector(Clazz.java:323)
	at aQute.lib.osgi.Clazz.parseClassFile(Clazz.java:313)
	at aQute.lib.osgi.Analyzer.analyzeJar(Analyzer.java:1646)
	at aQute.lib.osgi.Analyzer.analyzeBundleClasspath(Analyzer.java:1534)
	at aQute.lib.osgi.Analyzer.analyze(Analyzer.java:115)
	at aQute.lib.osgi.Builder.analyze(Builder.java:296)
	at aQute.lib.osgi.Analyzer.calcManifest(Analyzer.java:292)
	at aQute.lib.osgi.Builder.build(Builder.java:68)
	at org.apache.felix.bundleplugin.BundlePlugin.buildOSGiBundle(BundlePlugin.java:375)
	at org.apache.felix.bundleplugin.ManifestPlugin.execute(ManifestPlugin.java:60)
	at org.apache.felix.bundleplugin.BundlePlugin.execute(BundlePlugin.java:224)
	at org.apache.felix.bundleplugin.BundlePlugin.execute(BundlePlugin.java:215)
	at org.apache.maven.plugin.DefaultBuildPluginManager.executeMojo(DefaultBuildPluginManager.java:126)
	at org.apache.maven.lifecycle.internal.MojoExecutor.doExecute2(MojoExecutor.java:328)
	at org.apache.maven.lifecycle.internal.MojoExecutor.doExecute(MojoExecutor.java:316)
	at org.apache.maven.lifecycle.internal.MojoExecutor.execute(MojoExecutor.java:212)
	at org.apache.maven.lifecycle.internal.MojoExecutor.execute(MojoExecutor.java:174)
	at org.apache.maven.lifecycle.internal.MojoExecutor.access$000(MojoExecutor.java:75)
	at org.apache.maven.lifecycle.internal.MojoExecutor$1.run(MojoExecutor.java:162)
	at org.apache.maven.plugin.DefaultMojosExecutionStrategy.execute(DefaultMojosExecutionStrategy.java:39)
	at org.apache.maven.lifecycle.internal.MojoExecutor.execute(MojoExecutor.java:159)
	at org.apache.maven.lifecycle.internal.LifecycleModuleBuilder.buildProject(LifecycleModuleBuilder.java:105)
	at org.apache.maven.lifecycle.internal.LifecycleModuleBuilder.buildProject(LifecycleModuleBuilder.java:73)
	at org.apache.maven.lifecycle.internal.builder.singlethreaded.SingleThreadedBuilder.build(SingleThreadedBuilder.java:53)
	at org.apache.maven.lifecycle.internal.LifecycleStarter.execute(LifecycleStarter.java:118)
	at org.apache.maven.DefaultMaven.doExecute(DefaultMaven.java:261)
	at org.apache.maven.DefaultMaven.doExecute(DefaultMaven.java:173)
	at org.apache.maven.DefaultMaven.execute(DefaultMaven.java:101)
	at org.apache.maven.cli.MavenCli.execute(MavenCli.java:919)
	at org.apache.maven.cli.MavenCli.doMain(MavenCli.java:285)
	at org.apache.maven.cli.MavenCli.main(MavenCli.java:207)
	at java.base/jdk.internal.reflect.DirectMethodHandleAccessor.invoke(DirectMethodHandleAccessor.java:104)
	at java.base/java.lang.reflect.Method.invoke(Method.java:565)
	at org.codehaus.plexus.classworlds.launcher.Launcher.launchEnhanced(Launcher.java:255)
	at org.codehaus.plexus.classworlds.launcher.Launcher.launch(Launcher.java:201)
	at org.codehaus.plexus.classworlds.launcher.Launcher.mainWithExitCode(Launcher.java:361)
	at org.codehaus.plexus.classworlds.launcher.Launcher.main(Launcher.java:314)
java.lang.ArrayIndexOutOfBoundsException: Index 18 out of bounds for length 13
	at aQute.lib.osgi.Clazz.parseClassFile(Clazz.java:412)
	at aQute.lib.osgi.Clazz.parseClassFile(Clazz.java:333)
	at aQute.lib.osgi.Clazz.parseClassFileWithCollector(Clazz.java:323)
	at aQute.lib.osgi.Clazz.parseClassFile(Clazz.java:313)
	at aQute.lib.osgi.Analyzer.analyzeJar(Analyzer.java:1646)
	at aQute.lib.osgi.Analyzer.analyzeBundleClasspath(Analyzer.java:1534)
	at aQute.lib.osgi.Analyzer.analyze(Analyzer.java:115)
	at aQute.lib.osgi.Builder.analyze(Builder.java:296)
	at aQute.lib.osgi.Analyzer.calcManifest(Analyzer.java:292)
	at aQute.lib.osgi.Builder.build(Builder.java:68)
	at org.apache.felix.bundleplugin.BundlePlugin.buildOSGiBundle(BundlePlugin.java:375)
	at org.apache.felix.bundleplugin.ManifestPlugin.execute(ManifestPlugin.java:60)
	at org.apache.felix.bundleplugin.BundlePlugin.execute(BundlePlugin.java:224)
	at org.apache.felix.bundleplugin.BundlePlugin.execute(BundlePlugin.java:215)
	at org.apache.maven.plugin.DefaultBuildPluginManager.executeMojo(DefaultBuildPluginManager.java:126)
	at org.apache.maven.lifecycle.internal.MojoExecutor.doExecute2(MojoExecutor.java:328)
	at org.apache.maven.lifecycle.internal.MojoExecutor.doExecute(MojoExecutor.java:316)
	at org.apache.maven.lifecycle.internal.MojoExecutor.execute(MojoExecutor.java:212)
	at org.apache.maven.lifecycle.internal.MojoExecutor.execute(MojoExecutor.java:174)
	at org.apache.maven.lifecycle.internal.MojoExecutor.access$000(MojoExecutor.java:75)
	at org.apache.maven.lifecycle.internal.MojoExecutor$1.run(MojoExecutor.java:162)
	at org.apache.maven.plugin.DefaultMojosExecutionStrategy.execute(DefaultMojosExecutionStrategy.java:39)
	at org.apache.maven.lifecycle.internal.MojoExecutor.execute(MojoExecutor.java:159)
	at org.apache.maven.lifecycle.internal.LifecycleModuleBuilder.buildProject(LifecycleModuleBuilder.java:105)
	at org.apache.maven.lifecycle.internal.LifecycleModuleBuilder.buildProject(LifecycleModuleBuilder.java:73)
	at org.apache.maven.lifecycle.internal.builder.singlethreaded.SingleThreadedBuilder.build(SingleThreadedBuilder.java:53)
	at org.apache.maven.lifecycle.internal.LifecycleStarter.execute(LifecycleStarter.java:118)
	at org.apache.maven.DefaultMaven.doExecute(DefaultMaven.java:261)
	at org.apache.maven.DefaultMaven.doExecute(DefaultMaven.java:173)
	at org.apache.maven.DefaultMaven.execute(DefaultMaven.java:101)
	at org.apache.maven.cli.MavenCli.execute(MavenCli.java:919)
	at org.apache.maven.cli.MavenCli.doMain(MavenCli.java:285)
	at org.apache.maven.cli.MavenCli.main(MavenCli.java:207)
	at java.base/jdk.internal.reflect.DirectMethodHandleAccessor.invoke(DirectMethodHandleAccessor.java:104)
	at java.base/java.lang.reflect.Method.invoke(Method.java:565)
	at org.codehaus.plexus.classworlds.launcher.Launcher.launchEnhanced(Launcher.java:255)
	at org.codehaus.plexus.classworlds.launcher.Launcher.launch(Launcher.java:201)
	at org.codehaus.plexus.classworlds.launcher.Launcher.mainWithExitCode(Launcher.java:361)
	at org.codehaus.plexus.classworlds.launcher.Launcher.main(Launcher.java:314)
java.lang.ArrayIndexOutOfBoundsException: Index 18 out of bounds for length 13
	at aQute.lib.osgi.Clazz.parseClassFile(Clazz.java:412)
	at aQute.lib.osgi.Clazz.parseClassFile(Clazz.java:333)
	at aQute.lib.osgi.Clazz.parseClassFileWithCollector(Clazz.java:323)
	at aQute.lib.osgi.Clazz.parseClassFile(Clazz.java:313)
	at aQute.lib.osgi.Analyzer.analyzeJar(Analyzer.java:1646)
	at aQute.lib.osgi.Analyzer.analyzeBundleClasspath(Analyzer.java:1534)
	at aQute.lib.osgi.Analyzer.analyze(Analyzer.java:115)
	at aQute.lib.osgi.Builder.analyze(Builder.java:296)
	at aQute.lib.osgi.Analyzer.calcManifest(Analyzer.java:292)
	at aQute.lib.osgi.Builder.build(Builder.java:68)
	at org.apache.felix.bundleplugin.BundlePlugin.buildOSGiBundle(BundlePlugin.java:375)
	at org.apache.felix.bundleplugin.ManifestPlugin.execute(ManifestPlugin.java:60)
	at org.apache.felix.bundleplugin.BundlePlugin.execute(BundlePlugin.java:224)
	at org.apache.felix.bundleplugin.BundlePlugin.execute(BundlePlugin.java:215)
	at org.apache.maven.plugin.DefaultBuildPluginManager.executeMojo(DefaultBuildPluginManager.java:126)
	at org.apache.maven.lifecycle.internal.MojoExecutor.doExecute2(MojoExecutor.java:328)
	at org.apache.maven.lifecycle.internal.MojoExecutor.doExecute(MojoExecutor.java:316)
	at org.apache.maven.lifecycle.internal.MojoExecutor.execute(MojoExecutor.java:212)
	at org.apache.maven.lifecycle.internal.MojoExecutor.execute(MojoExecutor.java:174)
	at org.apache.maven.lifecycle.internal.MojoExecutor.access$000(MojoExecutor.java:75)
	at org.apache.maven.lifecycle.internal.MojoExecutor$1.run(MojoExecutor.java:162)
	at org.apache.maven.plugin.DefaultMojosExecutionStrategy.execute(DefaultMojosExecutionStrategy.java:39)
	at org.apache.maven.lifecycle.internal.MojoExecutor.execute(MojoExecutor.java:159)
	at org.apache.maven.lifecycle.internal.LifecycleModuleBuilder.buildProject(LifecycleModuleBuilder.java:105)
	at org.apache.maven.lifecycle.internal.LifecycleModuleBuilder.buildProject(LifecycleModuleBuilder.java:73)
	at org.apache.maven.lifecycle.internal.builder.singlethreaded.SingleThreadedBuilder.build(SingleThreadedBuilder.java:53)
	at org.apache.maven.lifecycle.internal.LifecycleStarter.execute(LifecycleStarter.java:118)
	at org.apache.maven.DefaultMaven.doExecute(DefaultMaven.java:261)
	at org.apache.maven.DefaultMaven.doExecute(DefaultMaven.java:173)
	at org.apache.maven.DefaultMaven.execute(DefaultMaven.java:101)
	at org.apache.maven.cli.MavenCli.execute(MavenCli.java:919)
	at org.apache.maven.cli.MavenCli.doMain(MavenCli.java:285)
	at org.apache.maven.cli.MavenCli.main(MavenCli.java:207)
	at java.base/jdk.internal.reflect.DirectMethodHandleAccessor.invoke(DirectMethodHandleAccessor.java:104)
	at java.base/java.lang.reflect.Method.invoke(Method.java:565)
	at org.codehaus.plexus.classworlds.launcher.Launcher.launchEnhanced(Launcher.java:255)
	at org.codehaus.plexus.classworlds.launcher.Launcher.launch(Launcher.java:201)
	at org.codehaus.plexus.classworlds.launcher.Launcher.mainWithExitCode(Launcher.java:361)
	at org.codehaus.plexus.classworlds.launcher.Launcher.main(Launcher.java:314)
java.lang.ArrayIndexOutOfBoundsException: Index 18 out of bounds for length 13
	at aQute.lib.osgi.Clazz.parseClassFile(Clazz.java:412)
	at aQute.lib.osgi.Clazz.parseClassFile(Clazz.java:333)
	at aQute.lib.osgi.Clazz.parseClassFileWithCollector(Clazz.java:323)
	at aQute.lib.osgi.Clazz.parseClassFile(Clazz.java:313)
	at aQute.lib.osgi.Analyzer.analyzeJar(Analyzer.java:1646)
	at aQute.lib.osgi.Analyzer.analyzeBundleClasspath(Analyzer.java:1534)
	at aQute.lib.osgi.Analyzer.analyze(Analyzer.java:115)
	at aQute.lib.osgi.Builder.analyze(Builder.java:296)
	at aQute.lib.osgi.Analyzer.calcManifest(Analyzer.java:292)
	at aQute.lib.osgi.Builder.build(Builder.java:68)
	at org.apache.felix.bundleplugin.BundlePlugin.buildOSGiBundle(BundlePlugin.java:375)
	at org.apache.felix.bundleplugin.ManifestPlugin.execute(ManifestPlugin.java:60)
	at org.apache.felix.bundleplugin.BundlePlugin.execute(BundlePlugin.java:224)
	at org.apache.felix.bundleplugin.BundlePlugin.execute(BundlePlugin.java:215)
	at org.apache.maven.plugin.DefaultBuildPluginManager.executeMojo(DefaultBuildPluginManager.java:126)
	at org.apache.maven.lifecycle.internal.MojoExecutor.doExecute2(MojoExecutor.java:328)
	at org.apache.maven.lifecycle.internal.MojoExecutor.doExecute(MojoExecutor.java:316)
	at org.apache.maven.lifecycle.internal.MojoExecutor.execute(MojoExecutor.java:212)
	at org.apache.maven.lifecycle.internal.MojoExecutor.execute(MojoExecutor.java:174)
	at org.apache.maven.lifecycle.internal.MojoExecutor.access$000(MojoExecutor.java:75)
	at org.apache.maven.lifecycle.internal.MojoExecutor$1.run(MojoExecutor.java:162)
	at org.apache.maven.plugin.DefaultMojosExecutionStrategy.execute(DefaultMojosExecutionStrategy.java:39)
	at org.apache.maven.lifecycle.internal.MojoExecutor.execute(MojoExecutor.java:159)
	at org.apache.maven.lifecycle.internal.LifecycleModuleBuilder.buildProject(LifecycleModuleBuilder.java:105)
	at org.apache.maven.lifecycle.internal.LifecycleModuleBuilder.buildProject(LifecycleModuleBuilder.java:73)
	at org.apache.maven.lifecycle.internal.builder.singlethreaded.SingleThreadedBuilder.build(SingleThreadedBuilder.java:53)
	at org.apache.maven.lifecycle.internal.LifecycleStarter.execute(LifecycleStarter.java:118)
	at org.apache.maven.DefaultMaven.doExecute(DefaultMaven.java:261)
	at org.apache.maven.DefaultMaven.doExecute(DefaultMaven.java:173)
	at org.apache.maven.DefaultMaven.execute(DefaultMaven.java:101)
	at org.apache.maven.cli.MavenCli.execute(MavenCli.java:919)
	at org.apache.maven.cli.MavenCli.doMain(MavenCli.java:285)
	at org.apache.maven.cli.MavenCli.main(MavenCli.java:207)
	at java.base/jdk.internal.reflect.DirectMethodHandleAccessor.invoke(DirectMethodHandleAccessor.java:104)
	at java.base/java.lang.reflect.Method.invoke(Method.java:565)
	at org.codehaus.plexus.classworlds.launcher.Launcher.launchEnhanced(Launcher.java:255)
	at org.codehaus.plexus.classworlds.launcher.Launcher.launch(Launcher.java:201)
	at org.codehaus.plexus.classworlds.launcher.Launcher.mainWithExitCode(Launcher.java:361)
	at org.codehaus.plexus.classworlds.launcher.Launcher.main(Launcher.java:314)
java.lang.ArrayIndexOutOfBoundsException: Index 18 out of bounds for length 13
	at aQute.lib.osgi.Clazz.parseClassFile(Clazz.java:412)
	at aQute.lib.osgi.Clazz.parseClassFile(Clazz.java:333)
	at aQute.lib.osgi.Clazz.parseClassFileWithCollector(Clazz.java:323)
	at aQute.lib.osgi.Clazz.parseClassFile(Clazz.java:313)
	at aQute.lib.osgi.Analyzer.analyzeJar(Analyzer.java:1646)
	at aQute.lib.osgi.Analyzer.analyzeBundleClasspath(Analyzer.java:1534)
	at aQute.lib.osgi.Analyzer.analyze(Analyzer.java:115)
	at aQute.lib.osgi.Builder.analyze(Builder.java:296)
	at aQute.lib.osgi.Analyzer.calcManifest(Analyzer.java:292)
	at aQute.lib.osgi.Builder.build(Builder.java:68)
	at org.apache.felix.bundleplugin.BundlePlugin.buildOSGiBundle(BundlePlugin.java:375)
	at org.apache.felix.bundleplugin.ManifestPlugin.execute(ManifestPlugin.java:60)
	at org.apache.felix.bundleplugin.BundlePlugin.execute(BundlePlugin.java:224)
	at org.apache.felix.bundleplugin.BundlePlugin.execute(BundlePlugin.java:215)
	at org.apache.maven.plugin.DefaultBuildPluginManager.executeMojo(DefaultBuildPluginManager.java:126)
	at org.apache.maven.lifecycle.internal.MojoExecutor.doExecute2(MojoExecutor.java:328)
	at org.apache.maven.lifecycle.internal.MojoExecutor.doExecute(MojoExecutor.java:316)
	at org.apache.maven.lifecycle.internal.MojoExecutor.execute(MojoExecutor.java:212)
	at org.apache.maven.lifecycle.internal.MojoExecutor.execute(MojoExecutor.java:174)
	at org.apache.maven.lifecycle.internal.MojoExecutor.access$000(MojoExecutor.java:75)
	at org.apache.maven.lifecycle.internal.MojoExecutor$1.run(MojoExecutor.java:162)
	at org.apache.maven.plugin.DefaultMojosExecutionStrategy.execute(DefaultMojosExecutionStrategy.java:39)
	at org.apache.maven.lifecycle.internal.MojoExecutor.execute(MojoExecutor.java:159)
	at org.apache.maven.lifecycle.internal.LifecycleModuleBuilder.buildProject(LifecycleModuleBuilder.java:105)
	at org.apache.maven.lifecycle.internal.LifecycleModuleBuilder.buildProject(LifecycleModuleBuilder.java:73)
	at org.apache.maven.lifecycle.internal.builder.singlethreaded.SingleThreadedBuilder.build(SingleThreadedBuilder.java:53)
	at org.apache.maven.lifecycle.internal.LifecycleStarter.execute(LifecycleStarter.java:118)
	at org.apache.maven.DefaultMaven.doExecute(DefaultMaven.java:261)
	at org.apache.maven.DefaultMaven.doExecute(DefaultMaven.java:173)
	at org.apache.maven.DefaultMaven.execute(DefaultMaven.java:101)
	at org.apache.maven.cli.MavenCli.execute(MavenCli.java:919)
	at org.apache.maven.cli.MavenCli.doMain(MavenCli.java:285)
	at org.apache.maven.cli.MavenCli.main(MavenCli.java:207)
	at java.base/jdk.internal.reflect.DirectMethodHandleAccessor.invoke(DirectMethodHandleAccessor.java:104)
	at java.base/java.lang.reflect.Method.invoke(Method.java:565)
	at org.codehaus.plexus.classworlds.launcher.Launcher.launchEnhanced(Launcher.java:255)
	at org.codehaus.plexus.classworlds.launcher.Launcher.launch(Launcher.java:201)
	at org.codehaus.plexus.classworlds.launcher.Launcher.mainWithExitCode(Launcher.java:361)
	at org.codehaus.plexus.classworlds.launcher.Launcher.main(Launcher.java:314)
[INFO] 
[INFO] --- resources:3.3.1:testResources (default-testResources) @ sccp-impl ---
[INFO] Not copying test resources
[INFO] 
[INFO] --- compiler:3.8.1:testCompile (default-testCompile) @ sccp-impl ---
[INFO] Not compiling test sources
[INFO] 
[INFO] --- surefire:2.19.1:test (default-test) @ sccp-impl ---
[INFO] Tests are skipped.
[INFO] 
[INFO] --- jar:2.3.1:jar (default-jar) @ sccp-impl ---
[INFO] Building jar: C:\Users\Windows\Desktop\ethiopia-working-dir\jSS7\sccp\sccp-impl\target\sccp-impl-9.2.0.jar
[INFO] 
[INFO] --- jar:2.3.1:test-jar (default) @ sccp-impl ---
[INFO] Skipping packaging of the test-jar
[INFO] 
[INFO] --- install:3.1.2:install (default-install) @ sccp-impl ---
[INFO] Installing C:\Users\Windows\Desktop\ethiopia-working-dir\jSS7\sccp\sccp-impl\pom.xml to C:\Users\Windows\.m2\repository\org\restcomm\protocols\ss7\sccp\sccp-impl\9.2.0\sccp-impl-9.2.0.pom
[INFO] Installing C:\Users\Windows\Desktop\ethiopia-working-dir\jSS7\sccp\sccp-impl\target\sccp-impl-9.2.0.jar to C:\Users\Windows\.m2\repository\org\restcomm\protocols\ss7\sccp\sccp-impl\9.2.0\sccp-impl-9.2.0.jar
[INFO] 
[INFO] --------------< org.restcomm.protocols.ss7.sccp:sccp-cli >--------------
[INFO] Building Restcomm jSS7 :: SCCP :: CLI :: sccp-cli 9.2.0           [2/54]
[INFO]   from C:\Users\Windows\Desktop\ethiopia-working-dir\jSS7\sccp\sccp-cli\pom.xml
[INFO] --------------------------------[ jar ]---------------------------------
[INFO] 
[INFO] --- clean:3.2.0:clean (default-clean) @ sccp-cli ---
[INFO] Deleting C:\Users\Windows\Desktop\ethiopia-working-dir\jSS7\sccp\sccp-cli\target
[INFO] 
[INFO] --- resources:3.3.1:resources (default-resources) @ sccp-cli ---
[INFO] Copying 1 resource from src\main\resources\archive-files to target\classes\META-INF\services
[INFO] Copying 77 resources from src\main\resources\help to target\classes\help
[INFO] 
[INFO] --- compiler:3.8.1:compile (default-compile) @ sccp-cli ---
[INFO] Changes detected - recompiling the module!
[INFO] Compiling 1 source file to C:\Users\Windows\Desktop\ethiopia-working-dir\jSS7\sccp\sccp-cli\target\classes
[INFO] 
[INFO] --- checkstyle:2.9.1:checkstyle (check-style) @ sccp-cli ---
[WARNING]  Parameter 'headerFile' (user property 'basedir'/LICENSE.txt) is deprecated: Use headerLocation instead.
[INFO] 
[INFO] --- bundle:2.3.4:manifest (bundle-manifest) @ sccp-cli ---
[INFO] 
[INFO] --- resources:3.3.1:testResources (default-testResources) @ sccp-cli ---
[INFO] Not copying test resources
[INFO] 
[INFO] --- compiler:3.8.1:testCompile (default-testCompile) @ sccp-cli ---
[INFO] Not compiling test sources
[INFO] 
[INFO] --- surefire:3.2.5:test (default-test) @ sccp-cli ---
[INFO] Tests are skipped.
[INFO] 
[INFO] --- jar:2.3.1:jar (default-jar) @ sccp-cli ---
[INFO] Building jar: C:\Users\Windows\Desktop\ethiopia-working-dir\jSS7\sccp\sccp-cli\target\sccp-cli.jar
[INFO] 
[INFO] --- install:3.1.2:install (default-install) @ sccp-cli ---
[INFO] Installing C:\Users\Windows\Desktop\ethiopia-working-dir\jSS7\sccp\sccp-cli\pom.xml to C:\Users\Windows\.m2\repository\org\restcomm\protocols\ss7\sccp\sccp-cli\9.2.0\sccp-cli-9.2.0.pom
[INFO] Installing C:\Users\Windows\Desktop\ethiopia-working-dir\jSS7\sccp\sccp-cli\target\sccp-cli.jar to C:\Users\Windows\.m2\repository\org\restcomm\protocols\ss7\sccp\sccp-cli\9.2.0\sccp-cli-9.2.0.jar
[INFO] 
[INFO] ------------< org.restcomm.protocols.ss7.sccp:sccp-api-ext >------------
[INFO] Building Restcomm jSS7 :: Extended-SCCP :: Api-Ext :: sccp-api-ext 9.2.0 [3/54]
[INFO]   from C:\Users\Windows\Desktop\ethiopia-working-dir\jSS7\sccp\sccp-api-ext\pom.xml
[INFO] --------------------------------[ jar ]---------------------------------
[INFO] 
[INFO] --- clean:3.2.0:clean (default-clean) @ sccp-api-ext ---
[INFO] Deleting C:\Users\Windows\Desktop\ethiopia-working-dir\jSS7\sccp\sccp-api-ext\target
[INFO] 
[INFO] --- resources:3.3.1:resources (default-resources) @ sccp-api-ext ---
[INFO] skip non existing resourceDirectory C:\Users\Windows\Desktop\ethiopia-working-dir\jSS7\sccp\sccp-api-ext\src\main\resources
[INFO] 
[INFO] --- compiler:3.8.1:compile (default-compile) @ sccp-api-ext ---
[INFO] Changes detected - recompiling the module!
[INFO] Compiling 2 source files to C:\Users\Windows\Desktop\ethiopia-working-dir\jSS7\sccp\sccp-api-ext\target\classes
[INFO] 
[INFO] --- checkstyle:2.9.1:checkstyle (check-style) @ sccp-api-ext ---
[WARNING]  Parameter 'headerFile' (user property 'basedir'/LICENSE.txt) is deprecated: Use headerLocation instead.
[INFO] 
[INFO] --- bundle:2.3.4:manifest (bundle-manifest) @ sccp-api-ext ---
[INFO] 
[INFO] --- resources:3.3.1:testResources (default-testResources) @ sccp-api-ext ---
[INFO] Not copying test resources
[INFO] 
[INFO] --- compiler:3.8.1:testCompile (default-testCompile) @ sccp-api-ext ---
[INFO] Not compiling test sources
[INFO] 
[INFO] --- surefire:3.2.5:test (default-test) @ sccp-api-ext ---
[INFO] Tests are skipped.
[INFO] 
[INFO] --- jar:2.3.1:jar (default-jar) @ sccp-api-ext ---
[INFO] Building jar: C:\Users\Windows\Desktop\ethiopia-working-dir\jSS7\sccp\sccp-api-ext\target\sccp-api-ext-9.2.0.jar
[INFO] 
[INFO] --- install:3.1.2:install (default-install) @ sccp-api-ext ---
[INFO] Installing C:\Users\Windows\Desktop\ethiopia-working-dir\jSS7\sccp\sccp-api-ext\pom.xml to C:\Users\Windows\.m2\repository\org\restcomm\protocols\ss7\sccp\sccp-api-ext\9.2.0\sccp-api-ext-9.2.0.pom
[INFO] Installing C:\Users\Windows\Desktop\ethiopia-working-dir\jSS7\sccp\sccp-api-ext\target\sccp-api-ext-9.2.0.jar to C:\Users\Windows\.m2\repository\org\restcomm\protocols\ss7\sccp\sccp-api-ext\9.2.0\sccp-api-ext-9.2.0.jar
[INFO] 
[INFO] -----------< org.restcomm.protocols.ss7.sccp:sccp-impl-ext >------------
[INFO] Building Restcomm jSS7 :: Extended-SCCP :: Impl-Ext :: sccp-impl-ext 9.2.0 [4/54]
[INFO]   from C:\Users\Windows\Desktop\ethiopia-working-dir\jSS7\sccp\sccp-impl-ext\pom.xml
[INFO] --------------------------------[ jar ]---------------------------------
[INFO] 
[INFO] --- clean:3.2.0:clean (default-clean) @ sccp-impl-ext ---
[INFO] Deleting C:\Users\Windows\Desktop\ethiopia-working-dir\jSS7\sccp\sccp-impl-ext\target
[INFO] 
[INFO] --- resources:3.3.1:resources (default-resources) @ sccp-impl-ext ---
[INFO] skip non existing resourceDirectory C:\Users\Windows\Desktop\ethiopia-working-dir\jSS7\sccp\sccp-impl-ext\src\main\resources
[INFO] 
[INFO] --- compiler:3.8.1:compile (default-compile) @ sccp-impl-ext ---
[INFO] Changes detected - recompiling the module!
[INFO] Compiling 17 source files to C:\Users\Windows\Desktop\ethiopia-working-dir\jSS7\sccp\sccp-impl-ext\target\classes
[INFO] /C:/Users/Windows/Desktop/ethiopia-working-dir/jSS7/sccp/sccp-impl-ext/src/main/java/org/restcomm/protocols/ss7/sccpext/impl/router/SccpRouterXMLBindingExt.java: Some input files use unchecked or unsafe operations.
[INFO] /C:/Users/Windows/Desktop/ethiopia-working-dir/jSS7/sccp/sccp-impl-ext/src/main/java/org/restcomm/protocols/ss7/sccpext/impl/router/SccpRouterXMLBindingExt.java: Recompile with -Xlint:unchecked for details.
[INFO] -------------------------------------------------------------
[ERROR] COMPILATION ERROR : 
[INFO] -------------------------------------------------------------
[ERROR] /C:/Users/Windows/Desktop/ethiopia-working-dir/jSS7/sccp/sccp-impl-ext/src/main/java/org/restcomm/protocols/ss7/sccpext/impl/router/SccpRouterXMLBindingExt.java:[41,63] incompatible types: java.lang.Object cannot be converted to java.util.Map.Entry<java.lang.Integer,org.restcomm.protocols.ss7.sccpext.impl.router.RuleImpl>
[ERROR] /C:/Users/Windows/Desktop/ethiopia-working-dir/jSS7/sccp/sccp-impl-ext/src/main/java/org/restcomm/protocols/ss7/sccpext/impl/router/SccpRouterXMLBindingExt.java:[65,66] incompatible types: java.lang.Object cannot be converted to java.util.Map.Entry<java.lang.Integer,org.restcomm.protocols.ss7.sccp.parameter.SccpAddress>
[ERROR] /C:/Users/Windows/Desktop/ethiopia-working-dir/jSS7/sccp/sccp-impl-ext/src/main/java/org/restcomm/protocols/ss7/sccpext/impl/router/RouterExtImpl.java:[841,29] cannot find symbol
  symbol:   method putEntry(int,org.restcomm.protocols.ss7.sccp.impl.parameter.SccpAddressImpl)
  location: variable routingAddresses of type org.restcomm.protocols.ss7.sccpext.impl.router.SccpAddressMap<java.lang.Integer,org.restcomm.protocols.ss7.sccp.impl.parameter.SccpAddressImpl>
[ERROR] /C:/Users/Windows/Desktop/ethiopia-working-dir/jSS7/sccp/sccp-impl-ext/src/main/java/org/restcomm/protocols/ss7/sccpext/impl/router/RouterExtImpl.java:[842,22] cannot find symbol
  symbol:   method putEntry(java.lang.Integer,int)
  location: variable lstChange of type org.jctools.maps.NonBlockingHashMap<java.lang.Integer,java.lang.Integer>
[INFO] 4 errors 
[INFO] -------------------------------------------------------------
[INFO] ------------------------------------------------------------------------
[INFO] Reactor Summary for Restcomm jSS7 :: SCCP :: Impl :: sccp-impl 9.2.0:
[INFO] 
[INFO] Restcomm jSS7 :: SCCP :: Impl :: sccp-impl ......... SUCCESS [ 12.764 s]
[INFO] Restcomm jSS7 :: SCCP :: CLI :: sccp-cli ........... SUCCESS [  1.680 s]
[INFO] Restcomm jSS7 :: Extended-SCCP :: Api-Ext :: sccp-api-ext SUCCESS [  0.627 s]
[INFO] Restcomm jSS7 :: Extended-SCCP :: Impl-Ext :: sccp-impl-ext FAILURE [  1.059 s]
[INFO] Restcomm jSS7 :: SCCP :: CLI-Ext :: sccp-cli-ext ... SKIPPED
[INFO] Restcomm jSS7 :: TCAP :: Parent :: tcap-parent ..... SKIPPED
[INFO] Restcomm jSS7 :: TCAP :: Api :: tcap-api ........... SKIPPED
[INFO] Restcomm jSS7 :: TCAP :: Impl :: tcap-impl ......... SKIPPED
[INFO] Restcomm jSS7 :: TCAP :: CLI :: tcap-cli ........... SKIPPED
[INFO] Restcomm jSS7 :: TCAP-ANSI :: Parent :: tcap-ansi-parent SKIPPED
[INFO] Restcomm jSS7 :: TCAP ANSI :: Api :: tcap-ansi-api . SKIPPED
[INFO] Restcomm jSS7 :: TCAP ANSI :: Impl :: tcap-ansi-impl SKIPPED
[INFO] Restcomm jSS7 :: TCAP-ANSI :: CLI :: tcap-ansi-cli . SKIPPED
[INFO] Restcomm jSS7 :: MAP :: Parent :: map-parent ....... SKIPPED
[INFO] Restcomm jSS7 :: MAP :: Api :: map-api ............. SKIPPED
[INFO] Restcomm jSS7 :: MAP :: Impl :: map-impl ........... SKIPPED
[INFO] Restcomm jSS7 :: MAP :: LOAD :: map-load ........... SKIPPED
[INFO] Restcomm jSS7 :: INAP :: Parent :: inap-parent ..... SKIPPED
[INFO] Restcomm jSS7 :: INAP :: Api :: inap-api ........... SKIPPED
[INFO] Restcomm jSS7 :: INAP :: Impl :: inap-impl ......... SKIPPED
[INFO] Restcomm jSS7 :: CAP :: Parent :: cap-parent ....... SKIPPED
[INFO] Restcomm jSS7 :: CAP :: Api :: cap-api ............. SKIPPED
[INFO] Restcomm jSS7 :: CAP :: Impl :: cap-impl ........... SKIPPED
[INFO] Restcomm jSS7 :: SNIFFER :: Parent :: sniffer-parent SKIPPED
[INFO] Restcomm jSS7 :: SNIFFER :: Impl :: sniffer-impl ... SKIPPED
[INFO] sniffer-gui Maven Webapp ........................... SKIPPED
[INFO] Restcomm jSS7 :: Service :: restcomm-service-parent  SKIPPED
[INFO] Restcomm jSS7 :: Service :: Service :: restcomm-ss7-service SKIPPED
[INFO] Restcomm jSS7 :: restcomm-ss7-oam .................. SKIPPED
[INFO] Restcomm jSS7 :: restcomm-ss7-oam-common ........... SKIPPED
[INFO] Restcomm jSS7 :: Management-jmx :: jmx ............. SKIPPED
[INFO] Restcomm jSS7 :: Management-jmx :: alarm ........... SKIPPED
[INFO] Restcomm jSS7 :: Statistic-oam :: Parent :: statistics-oam-parent SKIPPED
[INFO] Restcomm jSS7 :: Statistic-oam :: API :: statistics-oam-api SKIPPED
[INFO] Restcomm jSS7 :: Statistic-oam :: Impl :: statistics-oam-impl SKIPPED
[INFO] Restcomm jSS7 :: Management-jmx-ss7 :: jmxss7 ...... SKIPPED
[INFO] Restcomm jSS7 :: Management-sctp-oam :: sctp-oam ... SKIPPED
[INFO] Restcomm jSS7 :: Management-jmx :: m3ua-oam ........ SKIPPED
[INFO] Restcomm jSS7 :: Management-jmx :: sccp-oam ........ SKIPPED
[INFO] Restcomm jSS7 :: Management-jmx :: tcap-oam ........ SKIPPED
[INFO] Restcomm jSS7 :: Management-jmx :: map-oam ......... SKIPPED
[INFO] Restcomm jSS7 :: Service :: WildFly :: restcomm-ss7-wildfly SKIPPED
[INFO] Restcomm jSS7 :: Service :: WildFly :: restcomm-ss7-wildfly-modules SKIPPED
[INFO] Restcomm jSS7 :: Service :: WildFly :: restcomm-ss7-wildfly-extension SKIPPED
[INFO] Restcomm jSS7 :: Service :: Commons :: restcomm-ss7-wildfly-commons SKIPPED
[INFO] Restcomm jSS7 :: Management :: UI :: new-ui ........ SKIPPED
[INFO] Restcomm jSS7 :: Tools :: Parent ................... SKIPPED
[INFO] Restcomm jSS7 Simulator :: Parent .................. SKIPPED
[INFO] Restcomm jSS7 Simulator :: Simulator core .......... SKIPPED
[INFO] Restcomm jSS7 Simulator :: Simulator GUI ........... SKIPPED
[INFO] Restcomm jSS7 Simulator :: Simulator Bootstrap ..... SKIPPED
[INFO] Restcomm jSS7 Trase Parser :: Parent ............... SKIPPED
[INFO] Restcomm jSS7 Trase Parser :: Trase Parser core .... SKIPPED
[INFO] Restcomm jSS7 Trase Parser :: Trase Parser Bootstrap SKIPPED
[INFO] ------------------------------------------------------------------------
[INFO] BUILD FAILURE
[INFO] ------------------------------------------------------------------------
[INFO] Total time:  19.877 s
[INFO] Finished at: 2026-04-07T20:40:17+07:00
[INFO] ------------------------------------------------------------------------
[ERROR] Failed to execute goal org.apache.maven.plugins:maven-compiler-plugin:3.8.1:compile (default-compile) on project sccp-impl-ext: Compilation failure: Compilation failure: 
[ERROR] /C:/Users/Windows/Desktop/ethiopia-working-dir/jSS7/sccp/sccp-impl-ext/src/main/java/org/restcomm/protocols/ss7/sccpext/impl/router/SccpRouterXMLBindingExt.java:[41,63] incompatible types: java.lang.Object cannot be converted to java.util.Map.Entry<java.lang.Integer,org.restcomm.protocols.ss7.sccpext.impl.router.RuleImpl>
[ERROR] /C:/Users/Windows/Desktop/ethiopia-working-dir/jSS7/sccp/sccp-impl-ext/src/main/java/org/restcomm/protocols/ss7/sccpext/impl/router/SccpRouterXMLBindingExt.java:[65,66] incompatible types: java.lang.Object cannot be converted to java.util.Map.Entry<java.lang.Integer,org.restcomm.protocols.ss7.sccp.parameter.SccpAddress>
[ERROR] /C:/Users/Windows/Desktop/ethiopia-working-dir/jSS7/sccp/sccp-impl-ext/src/main/java/org/restcomm/protocols/ss7/sccpext/impl/router/RouterExtImpl.java:[841,29] cannot find symbol
[ERROR]   symbol:   method putEntry(int,org.restcomm.protocols.ss7.sccp.impl.parameter.SccpAddressImpl)
[ERROR]   location: variable routingAddresses of type org.restcomm.protocols.ss7.sccpext.impl.router.SccpAddressMap<java.lang.Integer,org.restcomm.protocols.ss7.sccp.impl.parameter.SccpAddressImpl>
[ERROR] /C:/Users/Windows/Desktop/ethiopia-working-dir/jSS7/sccp/sccp-impl-ext/src/main/java/org/restcomm/protocols/ss7/sccpext/impl/router/RouterExtImpl.java:[842,22] cannot find symbol
[ERROR]   symbol:   method putEntry(java.lang.Integer,int)
[ERROR]   location: variable lstChange of type org.jctools.maps.NonBlockingHashMap<java.lang.Integer,java.lang.Integer>
[ERROR] -> [Help 1]
[ERROR] 
[ERROR] To see the full stack trace of the errors, re-run Maven with the -e switch.
[ERROR] Re-run Maven using the -X switch to enable full debug logging.
[ERROR] 
[ERROR] For more information about the errors and possible solutions, please read the following articles:
[ERROR] [Help 1] http://cwiki.apache.org/confluence/display/MAVEN/MojoFailureException
[ERROR] 
[ERROR] After correcting the problems, you can resume the build with the command
[ERROR]   mvn <args> -rf :sccp-impl-ext
