[INFO] Scanning for projects...
[INFO] Inspecting build with total of 57 modules...
[INFO] Not installing Nexus Staging features:
[INFO]  * Preexisting staging related goal bindings found in 57 modules.
[INFO] ------------------------------------------------------------------------
[INFO] Reactor Build Order:
[INFO] 
[INFO] Restcomm jSS7 :: ISUP :: Impl :: isup-impl                         [jar]
[INFO] Restcomm jSS7 :: SCCP :: Parent :: sccp-parent                     [pom]
[INFO] Restcomm jSS7 :: SCCP :: Api :: sccp-api                           [jar]
[INFO] Restcomm jSS7 :: SCCP :: Impl :: sccp-impl                         [jar]
[INFO] Restcomm jSS7 :: SCCP :: CLI :: sccp-cli                           [jar]
[INFO] Restcomm jSS7 :: Extended-SCCP :: Api-Ext :: sccp-api-ext          [jar]
[INFO] Restcomm jSS7 :: Extended-SCCP :: Impl-Ext :: sccp-impl-ext        [jar]
[INFO] Restcomm jSS7 :: SCCP :: CLI-Ext :: sccp-cli-ext                   [jar]
[INFO] Restcomm jSS7 :: TCAP :: Parent :: tcap-parent                     [pom]
[INFO] Restcomm jSS7 :: TCAP :: Api :: tcap-api                           [jar]
[INFO] Restcomm jSS7 :: TCAP :: Impl :: tcap-impl                         [jar]
[INFO] Restcomm jSS7 :: TCAP :: CLI :: tcap-cli                           [jar]
[INFO] Restcomm jSS7 :: TCAP-ANSI :: Parent :: tcap-ansi-parent           [pom]
[INFO] Restcomm jSS7 :: TCAP ANSI :: Api :: tcap-ansi-api                 [jar]
[INFO] Restcomm jSS7 :: TCAP ANSI :: Impl :: tcap-ansi-impl               [jar]
[INFO] Restcomm jSS7 :: TCAP-ANSI :: CLI :: tcap-ansi-cli                 [jar]
[INFO] Restcomm jSS7 :: MAP :: Parent :: map-parent                       [pom]
[INFO] Restcomm jSS7 :: MAP :: Api :: map-api                             [jar]
[INFO] Restcomm jSS7 :: MAP :: Impl :: map-impl                           [jar]
[INFO] Restcomm jSS7 :: MAP :: LOAD :: map-load                           [jar]
[INFO] Restcomm jSS7 :: INAP :: Parent :: inap-parent                     [pom]
[INFO] Restcomm jSS7 :: INAP :: Api :: inap-api                           [jar]
[INFO] Restcomm jSS7 :: INAP :: Impl :: inap-impl                         [jar]
[INFO] Restcomm jSS7 :: CAP :: Parent :: cap-parent                       [pom]
[INFO] Restcomm jSS7 :: CAP :: Api :: cap-api                             [jar]
[INFO] Restcomm jSS7 :: CAP :: Impl :: cap-impl                           [jar]
[INFO] Restcomm jSS7 :: SNIFFER :: Parent :: sniffer-parent               [pom]
[INFO] Restcomm jSS7 :: SNIFFER :: Impl :: sniffer-impl                   [jar]
[INFO] sniffer-gui Maven Webapp                                           [war]
[INFO] Restcomm jSS7 :: Service :: restcomm-service-parent                [pom]
[INFO] Restcomm jSS7 :: Service :: Service :: restcomm-ss7-service        [jar]
[INFO] Restcomm jSS7 :: restcomm-ss7-oam                                  [pom]
[INFO] Restcomm jSS7 :: restcomm-ss7-oam-common                           [pom]
[INFO] Restcomm jSS7 :: Management-jmx :: jmx                             [jar]
[INFO] Restcomm jSS7 :: Management-jmx :: alarm                           [jar]
[INFO] Restcomm jSS7 :: Statistic-oam :: Parent :: statistics-oam-parent  [pom]
[INFO] Restcomm jSS7 :: Statistic-oam :: API :: statistics-oam-api        [jar]
[INFO] Restcomm jSS7 :: Statistic-oam :: Impl :: statistics-oam-impl      [jar]
[INFO] Restcomm jSS7 :: Management-jmx-ss7 :: jmxss7                      [jar]
[INFO] Restcomm jSS7 :: Management-sctp-oam :: sctp-oam                   [jar]
[INFO] Restcomm jSS7 :: Management-jmx :: m3ua-oam                        [jar]
[INFO] Restcomm jSS7 :: Management-jmx :: sccp-oam                        [jar]
[INFO] Restcomm jSS7 :: Management-jmx :: tcap-oam                        [jar]
[INFO] Restcomm jSS7 :: Management-jmx :: map-oam                         [jar]
[INFO] Restcomm jSS7 :: Service :: WildFly :: restcomm-ss7-wildfly        [pom]
[INFO] Restcomm jSS7 :: Service :: WildFly :: restcomm-ss7-wildfly-modules [jar]
[INFO] Restcomm jSS7 :: Service :: WildFly :: restcomm-ss7-wildfly-extension [jar]
[INFO] Restcomm jSS7 :: Service :: Commons :: restcomm-ss7-wildfly-commons [jar]
[INFO] Restcomm jSS7 :: Management :: UI :: new-ui                        [war]
[INFO] Restcomm jSS7 :: Tools :: Parent                                   [pom]
[INFO] Restcomm jSS7 Simulator :: Parent                                  [pom]
[INFO] Restcomm jSS7 Simulator :: Simulator core                          [jar]
[INFO] Restcomm jSS7 Simulator :: Simulator GUI                           [jar]
[INFO] Restcomm jSS7 Simulator :: Simulator Bootstrap                     [jar]
[INFO] Restcomm jSS7 Trase Parser :: Parent                               [pom]
[INFO] Restcomm jSS7 Trase Parser :: Trase Parser core                    [jar]
[INFO] Restcomm jSS7 Trase Parser :: Trase Parser Bootstrap               [jar]
[INFO] 
[INFO] -------------< org.restcomm.protocols.ss7.isup:isup-impl >--------------
[INFO] Building Restcomm jSS7 :: ISUP :: Impl :: isup-impl 9.2.0         [1/57]
[INFO]   from pom.xml
[INFO] --------------------------------[ jar ]---------------------------------
[INFO] 
[INFO] --- clean:3.2.0:clean (default-clean) @ isup-impl ---
[INFO] Deleting C:\Users\Windows\Desktop\ethiopia-working-dir\jSS7\isup\isup-impl\target
[INFO] 
[INFO] --- resources:3.3.1:resources (default-resources) @ isup-impl ---
[INFO] skip non existing resourceDirectory C:\Users\Windows\Desktop\ethiopia-working-dir\jSS7\isup\isup-impl\src\main\resources
[INFO] 
[INFO] --- compiler:3.8.1:compile (default-compile) @ isup-impl ---
[INFO] Changes detected - recompiling the module!
[INFO] Compiling 197 source files to C:\Users\Windows\Desktop\ethiopia-working-dir\jSS7\isup\isup-impl\target\classes
[INFO] /C:/Users/Windows/Desktop/ethiopia-working-dir/jSS7/isup/isup-impl/src/main/java/org/restcomm/protocols/ss7/isup/impl/message/parameter/AbstractInformationParameterBaseImpl.java: C:\Users\Windows\Desktop\ethiopia-working-dir\jSS7\isup\isup-impl\src\main\java\org\restcomm\protocols\ss7\isup\impl\message\parameter\AbstractInformationParameterBaseImpl.java uses or overrides a deprecated API.
[INFO] /C:/Users/Windows/Desktop/ethiopia-working-dir/jSS7/isup/isup-impl/src/main/java/org/restcomm/protocols/ss7/isup/impl/message/parameter/AbstractInformationParameterBaseImpl.java: Recompile with -Xlint:deprecation for details.
[INFO] /C:/Users/Windows/Desktop/ethiopia-working-dir/jSS7/isup/isup-impl/src/main/java/org/restcomm/protocols/ss7/isup/impl/message/parameter/AbstractInformationParameterBaseImpl.java: C:\Users\Windows\Desktop\ethiopia-working-dir\jSS7\isup\isup-impl\src\main\java\org\restcomm\protocols\ss7\isup\impl\message\parameter\AbstractInformationParameterBaseImpl.java uses unchecked or unsafe operations.
[INFO] /C:/Users/Windows/Desktop/ethiopia-working-dir/jSS7/isup/isup-impl/src/main/java/org/restcomm/protocols/ss7/isup/impl/message/parameter/AbstractInformationParameterBaseImpl.java: Recompile with -Xlint:unchecked for details.
[INFO] -------------------------------------------------------------
[ERROR] COMPILATION ERROR : 
[INFO] -------------------------------------------------------------
[ERROR] /C:/Users/Windows/Desktop/ethiopia-working-dir/jSS7/isup/isup-impl/src/main/java/org/restcomm/protocols/ss7/isup/impl/ISUPXStreamHelper.java:[3,32] package com.thoughtworks.xstream does not exist
[ERROR] /C:/Users/Windows/Desktop/ethiopia-working-dir/jSS7/isup/isup-impl/src/main/java/org/restcomm/protocols/ss7/isup/impl/ISUPXStreamHelper.java:[4,39] package com.thoughtworks.xstream.io.xml does not exist
[ERROR] /C:/Users/Windows/Desktop/ethiopia-working-dir/jSS7/isup/isup-impl/src/main/java/org/restcomm/protocols/ss7/isup/impl/ISUPXStreamHelper.java:[5,41] package com.thoughtworks.xstream.security does not exist
[ERROR] /C:/Users/Windows/Desktop/ethiopia-working-dir/jSS7/isup/isup-impl/src/main/java/org/restcomm/protocols/ss7/isup/impl/ISUPXStreamHelper.java:[13,26] cannot find symbol
  symbol:   class XStream
  location: class org.restcomm.protocols.ss7.isup.impl.ISUPXStreamHelper
[ERROR] /C:/Users/Windows/Desktop/ethiopia-working-dir/jSS7/isup/isup-impl/src/main/java/org/restcomm/protocols/ss7/isup/impl/ISUPXStreamHelper.java:[19,19] cannot find symbol
  symbol:   class XStream
  location: class org.restcomm.protocols.ss7.isup.impl.ISUPXStreamHelper
[ERROR] /C:/Users/Windows/Desktop/ethiopia-working-dir/jSS7/isup/isup-impl/src/main/java/org/restcomm/protocols/ss7/isup/impl/ISUPXStreamHelper.java:[13,48] cannot find symbol
  symbol:   class XStream
  location: class org.restcomm.protocols.ss7.isup.impl.ISUPXStreamHelper
[ERROR] /C:/Users/Windows/Desktop/ethiopia-working-dir/jSS7/isup/isup-impl/src/main/java/org/restcomm/protocols/ss7/isup/impl/ISUPXStreamHelper.java:[13,60] cannot find symbol
  symbol:   class DomDriver
  location: class org.restcomm.protocols.ss7.isup.impl.ISUPXStreamHelper
[ERROR] /C:/Users/Windows/Desktop/ethiopia-working-dir/jSS7/isup/isup-impl/src/main/java/org/restcomm/protocols/ss7/isup/impl/ISUPXStreamHelper.java:[16,31] cannot find symbol
  symbol:   variable AnyTypePermission
  location: class org.restcomm.protocols.ss7.isup.impl.ISUPXStreamHelper
[INFO] 8 errors 
[INFO] -------------------------------------------------------------
[INFO] ------------------------------------------------------------------------
[INFO] Reactor Summary for Restcomm jSS7 :: ISUP :: Impl :: isup-impl 9.2.0:
[INFO] 
[INFO] Restcomm jSS7 :: ISUP :: Impl :: isup-impl ......... FAILURE [  4.686 s]
[INFO] Restcomm jSS7 :: SCCP :: Parent :: sccp-parent ..... SKIPPED
[INFO] Restcomm jSS7 :: SCCP :: Api :: sccp-api ........... SKIPPED
[INFO] Restcomm jSS7 :: SCCP :: Impl :: sccp-impl ......... SKIPPED
[INFO] Restcomm jSS7 :: SCCP :: CLI :: sccp-cli ........... SKIPPED
[INFO] Restcomm jSS7 :: Extended-SCCP :: Api-Ext :: sccp-api-ext SKIPPED
[INFO] Restcomm jSS7 :: Extended-SCCP :: Impl-Ext :: sccp-impl-ext SKIPPED
[INFO] Restcomm jSS7 :: SCCP :: CLI-Ext :: sccp-cli-ext ... SKIPPED
[INFO] Restcomm jSS7 :: TCAP :: Parent :: tcap-parent ..... SKIPPED
[INFO] Restcomm jSS7 :: TCAP :: Api :: tcap-api ........... SKIPPED
[INFO] Restcomm jSS7 :: TCAP :: Impl :: tcap-impl ......... SKIPPED
[INFO] Restcomm jSS7 :: TCAP :: CLI :: tcap-cli ........... SKIPPED
[INFO] Restcomm jSS7 :: TCAP-ANSI :: Parent :: tcap-ansi-parent SKIPPED
[INFO] Restcomm jSS7 :: TCAP ANSI :: Api :: tcap-ansi-api . SKIPPED
[INFO] Restcomm jSS7 :: TCAP ANSI :: Impl :: tcap-ansi-impl SKIPPED
[INFO] Restcomm jSS7 :: TCAP-ANSI :: CLI :: tcap-ansi-cli . SKIPPED
[INFO] Restcomm jSS7 :: MAP :: Parent :: map-parent ....... SKIPPED
[INFO] Restcomm jSS7 :: MAP :: Api :: map-api ............. SKIPPED
[INFO] Restcomm jSS7 :: MAP :: Impl :: map-impl ........... SKIPPED
[INFO] Restcomm jSS7 :: MAP :: LOAD :: map-load ........... SKIPPED
[INFO] Restcomm jSS7 :: INAP :: Parent :: inap-parent ..... SKIPPED
[INFO] Restcomm jSS7 :: INAP :: Api :: inap-api ........... SKIPPED
[INFO] Restcomm jSS7 :: INAP :: Impl :: inap-impl ......... SKIPPED
[INFO] Restcomm jSS7 :: CAP :: Parent :: cap-parent ....... SKIPPED
[INFO] Restcomm jSS7 :: CAP :: Api :: cap-api ............. SKIPPED
[INFO] Restcomm jSS7 :: CAP :: Impl :: cap-impl ........... SKIPPED
[INFO] Restcomm jSS7 :: SNIFFER :: Parent :: sniffer-parent SKIPPED
[INFO] Restcomm jSS7 :: SNIFFER :: Impl :: sniffer-impl ... SKIPPED
[INFO] sniffer-gui Maven Webapp ........................... SKIPPED
[INFO] Restcomm jSS7 :: Service :: restcomm-service-parent  SKIPPED
[INFO] Restcomm jSS7 :: Service :: Service :: restcomm-ss7-service SKIPPED
[INFO] Restcomm jSS7 :: restcomm-ss7-oam .................. SKIPPED
[INFO] Restcomm jSS7 :: restcomm-ss7-oam-common ........... SKIPPED
[INFO] Restcomm jSS7 :: Management-jmx :: jmx ............. SKIPPED
[INFO] Restcomm jSS7 :: Management-jmx :: alarm ........... SKIPPED
[INFO] Restcomm jSS7 :: Statistic-oam :: Parent :: statistics-oam-parent SKIPPED
[INFO] Restcomm jSS7 :: Statistic-oam :: API :: statistics-oam-api SKIPPED
[INFO] Restcomm jSS7 :: Statistic-oam :: Impl :: statistics-oam-impl SKIPPED
[INFO] Restcomm jSS7 :: Management-jmx-ss7 :: jmxss7 ...... SKIPPED
[INFO] Restcomm jSS7 :: Management-sctp-oam :: sctp-oam ... SKIPPED
[INFO] Restcomm jSS7 :: Management-jmx :: m3ua-oam ........ SKIPPED
[INFO] Restcomm jSS7 :: Management-jmx :: sccp-oam ........ SKIPPED
[INFO] Restcomm jSS7 :: Management-jmx :: tcap-oam ........ SKIPPED
[INFO] Restcomm jSS7 :: Management-jmx :: map-oam ......... SKIPPED
[INFO] Restcomm jSS7 :: Service :: WildFly :: restcomm-ss7-wildfly SKIPPED
[INFO] Restcomm jSS7 :: Service :: WildFly :: restcomm-ss7-wildfly-modules SKIPPED
[INFO] Restcomm jSS7 :: Service :: WildFly :: restcomm-ss7-wildfly-extension SKIPPED
[INFO] Restcomm jSS7 :: Service :: Commons :: restcomm-ss7-wildfly-commons SKIPPED
[INFO] Restcomm jSS7 :: Management :: UI :: new-ui ........ SKIPPED
[INFO] Restcomm jSS7 :: Tools :: Parent ................... SKIPPED
[INFO] Restcomm jSS7 Simulator :: Parent .................. SKIPPED
[INFO] Restcomm jSS7 Simulator :: Simulator core .......... SKIPPED
[INFO] Restcomm jSS7 Simulator :: Simulator GUI ........... SKIPPED
[INFO] Restcomm jSS7 Simulator :: Simulator Bootstrap ..... SKIPPED
[INFO] Restcomm jSS7 Trase Parser :: Parent ............... SKIPPED
[INFO] Restcomm jSS7 Trase Parser :: Trase Parser core .... SKIPPED
[INFO] Restcomm jSS7 Trase Parser :: Trase Parser Bootstrap SKIPPED
[INFO] ------------------------------------------------------------------------
[INFO] BUILD FAILURE
[INFO] ------------------------------------------------------------------------
[INFO] Total time:  7.477 s
[INFO] Finished at: 2026-04-07T20:31:50+07:00
[INFO] ------------------------------------------------------------------------
[ERROR] Failed to execute goal org.apache.maven.plugins:maven-compiler-plugin:3.8.1:compile (default-compile) on project isup-impl: Compilation failure: Compilation failure: 
[ERROR] /C:/Users/Windows/Desktop/ethiopia-working-dir/jSS7/isup/isup-impl/src/main/java/org/restcomm/protocols/ss7/isup/impl/ISUPXStreamHelper.java:[3,32] package com.thoughtworks.xstream does not exist
[ERROR] /C:/Users/Windows/Desktop/ethiopia-working-dir/jSS7/isup/isup-impl/src/main/java/org/restcomm/protocols/ss7/isup/impl/ISUPXStreamHelper.java:[4,39] package com.thoughtworks.xstream.io.xml does not exist
[ERROR] /C:/Users/Windows/Desktop/ethiopia-working-dir/jSS7/isup/isup-impl/src/main/java/org/restcomm/protocols/ss7/isup/impl/ISUPXStreamHelper.java:[5,41] package com.thoughtworks.xstream.security does not exist
[ERROR] /C:/Users/Windows/Desktop/ethiopia-working-dir/jSS7/isup/isup-impl/src/main/java/org/restcomm/protocols/ss7/isup/impl/ISUPXStreamHelper.java:[13,26] cannot find symbol
[ERROR]   symbol:   class XStream
[ERROR]   location: class org.restcomm.protocols.ss7.isup.impl.ISUPXStreamHelper
[ERROR] /C:/Users/Windows/Desktop/ethiopia-working-dir/jSS7/isup/isup-impl/src/main/java/org/restcomm/protocols/ss7/isup/impl/ISUPXStreamHelper.java:[19,19] cannot find symbol
[ERROR]   symbol:   class XStream
[ERROR]   location: class org.restcomm.protocols.ss7.isup.impl.ISUPXStreamHelper
[ERROR] /C:/Users/Windows/Desktop/ethiopia-working-dir/jSS7/isup/isup-impl/src/main/java/org/restcomm/protocols/ss7/isup/impl/ISUPXStreamHelper.java:[13,48] cannot find symbol
[ERROR]   symbol:   class XStream
[ERROR]   location: class org.restcomm.protocols.ss7.isup.impl.ISUPXStreamHelper
[ERROR] /C:/Users/Windows/Desktop/ethiopia-working-dir/jSS7/isup/isup-impl/src/main/java/org/restcomm/protocols/ss7/isup/impl/ISUPXStreamHelper.java:[13,60] cannot find symbol
[ERROR]   symbol:   class DomDriver
[ERROR]   location: class org.restcomm.protocols.ss7.isup.impl.ISUPXStreamHelper
[ERROR] /C:/Users/Windows/Desktop/ethiopia-working-dir/jSS7/isup/isup-impl/src/main/java/org/restcomm/protocols/ss7/isup/impl/ISUPXStreamHelper.java:[16,31] cannot find symbol
[ERROR]   symbol:   variable AnyTypePermission
[ERROR]   location: class org.restcomm.protocols.ss7.isup.impl.ISUPXStreamHelper
[ERROR] -> [Help 1]
[ERROR] 
[ERROR] To see the full stack trace of the errors, re-run Maven with the -e switch.
[ERROR] Re-run Maven using the -X switch to enable full debug logging.
[ERROR] 
[ERROR] For more information about the errors and possible solutions, please read the following articles:
[ERROR] [Help 1] http://cwiki.apache.org/confluence/display/MAVEN/MojoFailureException
